#
# A fatal error has been detected by the Java Runtime Environment:
#
#  SIGSEGV (0xb) at pc=0x0000000109632d10, pid=48266, tid=17155
#
# JRE version: Java(TM) SE Runtime Environment (8.0_45-b14) (build 1.8.0_45-b14)
# Java VM: Java HotSpot(TM) 64-Bit Server VM (25.45-b02 mixed mode bsd-amd64 compressed oops)
# Problematic frame:
# V  [libjvm.dylib+0x432d10]
#
# Failed to write core dump. Core dumps have been disabled. To enable core dumping, try "ulimit -c unlimited" before starting Java again
#
# If you would like to submit a bug report, please visit:
#   http://bugreport.java.com/bugreport/crash.jsp
#

---------------  T H R E A D  ---------------

Current thread (0x00007f948303c000):  JavaThread "JDWP Transport Listener: dt_socket" daemon [_thread_in_vm, id=17155, stack(0x0000700000b3b000,0x0000700000c3b000)]

siginfo: si_signo: 11 (SIGSEGV), si_code: 1 (SEGV_MAPERR), si_addr: 0x0000000000000004

Registers:
RAX=0x0000000000000001, RBX=0x0000700000c3aa8b, RCX=0x00000001099fa190, RDX=0x0000700000c3aa8b
RSP=0x0000700000c3a9d0, RBP=0x0000700000c3a9e0, RSI=0x00007f948303c000, RDI=0x0000000000000004
R8 =0x0000000000000003, R9 =0x0000000000000000, R10=0x0000000000000004, R11=0x00007f9481f00000
R12=0x00007f948303c000, R13=0x0000000000000004, R14=0x0000000000000004, R15=0x00007f9481e02d90
RIP=0x0000000109632d10, EFLAGS=0x0000000000010202, ERR=0x0000000000000004
  TRAPNO=0x000000000000000e

Top of Stack: (sp=0x0000700000c3a9d0)
0x0000700000c3a9d0:   0000700000c3aa8b 0000700000c3aa8b
0x0000700000c3a9e0:   0000700000c3aa40 00000001095430d6
0x0000700000c3a9f0:   00007f948303c000 0000000000000000
0x0000700000c3aa00:   0000000000000000 0000000000000000
0x0000700000c3aa10:   00007f948303c000 00007f948303c000
0x0000700000c3aa20:   0000700000c3aa8b 0000700000c3aa90
0x0000700000c3aa30:   0000000000000004 0000000000000002
0x0000700000c3aa40:   0000700000c3aa60 00000001089cb780
0x0000700000c3aa50:   0000000000000001 0000700000c3ab08
0x0000700000c3aa60:   0000700000c3aad0 00000001089b01f3
0x0000700000c3aa70:   0000700000c3aaa0 00007f9481fa5660
0x0000700000c3aa80:   0000000300000032 0000000100c3ab08
0x0000700000c3aa90:   0000000000000000 0000000000000000
0x0000700000c3aaa0:   0000000000000000 0000700000c3ac90
0x0000700000c3aab0:   00000001089d2e7a 00007f94889a4d10
0x0000700000c3aac0:   0000700000c3ab08 00000001089de598
0x0000700000c3aad0:   0000700000c3aae0 00000001089b02ec
0x0000700000c3aae0:   0000700000c3ad00 00000001089b9898
0x0000700000c3aaf0:   0000f75000000013 00000000000f0200
0x0000700000c3ab00:   00007f94889a41d0 0000700000c3ac17
0x0000700000c3ab10:   00007f940000006d 0000700000c3ab20
0x0000700000c3ab20:   00007f94000000bf 0000700000c3ab58
0x0000700000c3ab30:   0000000000000000 0000000000000000
0x0000700000c3ab40:   0000f7500000001c 0000000000000080
0x0000700000c3ab50:   0000700000c3ab58 947f000003000000
0x0000700000c3ab60:   06000000588c9488 00003e74696e693c
0x0000700000c3ab70:   0000005629280300 7f00000100000000
0x0000700000c3ab80:   000000b0717e8494 6c6c41646e696617
0x0000700000c3ab90:   746e6176656c6552 73726f736e6f7053
0x0000700000c3aba0:   4c29492813000000 6974752f6176616a
0x0000700000c3abb0:   003b7473694c2f6c 6a4c294928580000
0x0000700000c3abc0:   6c6974752f617661 634c3c7473694c2f 

Instructions: (pc=0x0000000109632d10)
0x0000000109632cf0:   40 48 48 85 c0 75 e0 30 c0 0f b6 c0 5d c3 31 c0
0x0000000109632d00:   5d c3 55 48 89 e5 53 48 83 ec 08 48 85 ff 74 24
0x0000000109632d10:   48 8b 1f 48 85 db 74 1c 48 83 fb 37 74 16 48 8b
0x0000000109632d20:   03 48 89 df ff 50 10 84 c0 b8 00 00 00 00 48 0f 

Register to memory mapping:

RAX=0x0000000000000001 is an unknown value
RBX=0x0000700000c3aa8b is pointing into the stack for thread: 0x00007f948303c000
RCX=0x00000001099fa190: UseMembar+0 in /Library/Java/JavaVirtualMachines/jdk1.8.0_45.jdk/Contents/Home/jre/lib/server/libjvm.dylib at 0x0000000109200000
RDX=0x0000700000c3aa8b is pointing into the stack for thread: 0x00007f948303c000
RSP=0x0000700000c3a9d0 is pointing into the stack for thread: 0x00007f948303c000
RBP=0x0000700000c3a9e0 is pointing into the stack for thread: 0x00007f948303c000
RSI=0x00007f948303c000 is a thread
RDI=0x0000000000000004 is an unknown value
R8 =0x0000000000000003 is an unknown value
R9 =0x0000000000000000 is an unknown value
R10=0x0000000000000004 is an unknown value
R11=0x00007f9481f00000 is an unknown value
R12=0x00007f948303c000 is a thread
R13=0x0000000000000004 is an unknown value
R14=0x0000000000000004 is an unknown value
R15=0x00007f9481e02d90 is an unknown value


Stack: [0x0000700000b3b000,0x0000700000c3b000],  sp=0x0000700000c3a9d0,  free space=1022k
Native frames: (J=compiled Java code, j=interpreted, Vv=VM code, C=native code)
V  [libjvm.dylib+0x432d10]
V  [libjvm.dylib+0x3430d6]
C  [libjdwp.dylib+0x20780]  isMethodSynthetic+0x63
C  [libjdwp.dylib+0x51f3]  methods1+0x10b
C  [libjdwp.dylib+0x52ec]  methodsWithGeneric+0xe
C  [libjdwp.dylib+0xe898]  debugLoop_run+0x1ce
C  [libjdwp.dylib+0x1f6ba]  attachThread+0x4d
V  [libjvm.dylib+0x38401c]
V  [libjvm.dylib+0x549acf]
V  [libjvm.dylib+0x54b1c0]
V  [libjvm.dylib+0x46ea7e]
C  [libsystem_pthread.dylib+0x399d]  _pthread_body+0x83
C  [libsystem_pthread.dylib+0x391a]  _pthread_body+0x0
C  [libsystem_pthread.dylib+0x1351]  thread_start+0xd
C  0x0000000000000000


---------------  P R O C E S S  ---------------

Java Threads: ( => current thread )
  0x00007f948865f800 JavaThread "DestroyJavaVM" [_thread_blocked, id=5891, stack(0x000070000011a000,0x000070000021a000)]
  0x00007f94832ff000 JavaThread "http-nio-8080-Acceptor" daemon [_thread_in_native, id=30723, stack(0x0000700002589000,0x0000700002689000)]
  0x00007f9485c65800 JavaThread "http-nio-8080-ClientPoller" daemon [_thread_in_native, id=30211, stack(0x0000700002486000,0x0000700002586000)]
  0x00007f948703b000 JavaThread "http-nio-8080-exec-10" daemon [_thread_blocked, id=29699, stack(0x0000700002383000,0x0000700002483000)]
  0x00007f9485aad000 JavaThread "http-nio-8080-exec-9" daemon [_thread_blocked, id=29187, stack(0x0000700002280000,0x0000700002380000)]
  0x00007f948703a000 JavaThread "http-nio-8080-exec-8" daemon [_thread_blocked, id=28675, stack(0x000070000217d000,0x000070000227d000)]
  0x00007f9487bfe800 JavaThread "http-nio-8080-exec-7" daemon [_thread_blocked, id=28163, stack(0x000070000207a000,0x000070000217a000)]
  0x00007f9487f42000 JavaThread "http-nio-8080-exec-6" daemon [_thread_blocked, id=27651, stack(0x0000700001f77000,0x0000700002077000)]
  0x00007f9487fa4000 JavaThread "http-nio-8080-exec-5" daemon [_thread_blocked, id=27139, stack(0x0000700001e74000,0x0000700001f74000)]
  0x00007f9484efd800 JavaThread "http-nio-8080-exec-4" daemon [_thread_blocked, id=26627, stack(0x0000700001d71000,0x0000700001e71000)]
  0x00007f9483781000 JavaThread "http-nio-8080-exec-3" daemon [_thread_blocked, id=13319, stack(0x0000700001c6e000,0x0000700001d6e000)]
  0x00007f9486907800 JavaThread "http-nio-8080-exec-2" daemon [_thread_blocked, id=26119, stack(0x0000700001b6b000,0x0000700001c6b000)]
  0x00007f9487039800 JavaThread "http-nio-8080-exec-1" daemon [_thread_blocked, id=14599, stack(0x0000700001a68000,0x0000700001b68000)]
  0x00007f94885d3800 JavaThread "http-nio-8080-BlockPoller" daemon [_thread_in_native, id=12811, stack(0x0000700000932000,0x0000700000a32000)]
  0x00007f9485e24800 JavaThread "HikariPool-1 housekeeper" daemon [_thread_blocked, id=25347, stack(0x0000700001965000,0x0000700001a65000)]
  0x00007f948386c000 JavaThread "PostgreSQL-JDBC-SharedTimer-1" daemon [_thread_blocked, id=24835, stack(0x0000700001862000,0x0000700001962000)]
  0x00007f9482b89000 JavaThread "container-0" [_thread_blocked, id=24323, stack(0x000070000175f000,0x000070000185f000)]
  0x00007f94832ef000 JavaThread "Catalina-utility-2" [_thread_blocked, id=23815, stack(0x000070000165c000,0x000070000175c000)]
  0x00007f94837f4000 JavaThread "Catalina-utility-1" [_thread_blocked, id=21255, stack(0x0000700001353000,0x0000700001453000)]
  0x00007f948332d000 JavaThread "RMI TCP Accept-0" daemon [_thread_in_native, id=23311, stack(0x0000700001559000,0x0000700001659000)]
  0x00007f9482a90800 JavaThread "Attach Listener" daemon [_thread_blocked, id=21763, stack(0x0000700001456000,0x0000700001556000)]
  0x00007f948382a000 JavaThread "Service Thread" daemon [_thread_blocked, id=20227, stack(0x000070000114d000,0x000070000124d000)]
  0x00007f948202f800 JavaThread "C1 CompilerThread2" daemon [_thread_blocked, id=19715, stack(0x000070000104a000,0x000070000114a000)]
  0x00007f948202f000 JavaThread "C2 CompilerThread1" daemon [_thread_blocked, id=19203, stack(0x0000700000f47000,0x0000700001047000)]
  0x00007f948202e000 JavaThread "C2 CompilerThread0" daemon [_thread_blocked, id=18691, stack(0x0000700000e44000,0x0000700000f44000)]
  0x00007f9483075800 JavaThread "JDWP Command Reader" daemon [_thread_in_native, id=18179, stack(0x0000700000d41000,0x0000700000e41000)]
  0x00007f948303c800 JavaThread "JDWP Event Helper Thread" daemon [_thread_blocked, id=17667, stack(0x0000700000c3e000,0x0000700000d3e000)]
=>0x00007f948303c000 JavaThread "JDWP Transport Listener: dt_socket" daemon [_thread_in_vm, id=17155, stack(0x0000700000b3b000,0x0000700000c3b000)]
  0x00007f9483000800 JavaThread "Signal Dispatcher" daemon [_thread_blocked, id=13839, stack(0x0000700000a38000,0x0000700000b38000)]
  0x00007f9483816800 JavaThread "Finalizer" daemon [_thread_blocked, id=12291, stack(0x000070000082f000,0x000070000092f000)]
  0x00007f9483816000 JavaThread "Reference Handler" daemon [_thread_blocked, id=11779, stack(0x000070000072c000,0x000070000082c000)]

Other Threads:
  0x00007f9483815800 VMThread [stack: 0x0000700000629000,0x0000700000729000] [id=11267]
  0x00007f948381c000 WatcherThread [stack: 0x0000700001250000,0x0000700001350000] [id=20739]

VM state:not at safepoint (normal execution)

VM Mutex/Monitor currently owned by a thread: None

Heap:
 PSYoungGen      total 236032K, used 64898K [0x0000000795580000, 0x00000007a4e80000, 0x00000007c0000000)
  eden space 221696K, 29% used [0x0000000795580000,0x00000007994e0908,0x00000007a2e00000)
  from space 14336K, 0% used [0x00000007a4080000,0x00000007a4080000,0x00000007a4e80000)
  to   space 16384K, 0% used [0x00000007a2e80000,0x00000007a2e80000,0x00000007a3e80000)
 ParOldGen       total 111616K, used 25386K [0x0000000740000000, 0x0000000746d00000, 0x0000000795580000)
  object space 111616K, 22% used [0x0000000740000000,0x00000007418ca808,0x0000000746d00000)
 Metaspace       used 60231K, capacity 62942K, committed 63232K, reserved 1103872K
  class space    used 8181K, capacity 8658K, committed 8704K, reserved 1048576K

Card table byte_map: [0x000000011953a000,0x000000011993b000] byte_map_base: 0x0000000115b3a000

Marking Bits: (ParMarkBitMap*) 0x0000000109ac27a0
 Begin Bits: [0x0000000119be6000, 0x000000011bbe6000)
 End Bits:   [0x000000011bbe6000, 0x000000011dbe6000)

Polling page: 0x00000001089aa000

CodeCache: size=245760Kb used=15421Kb max_used=15929Kb free=230338Kb
 bounds [0x000000010a17a000, 0x000000010b13a000, 0x000000011917a000]
 total_blobs=5176 nmethods=4665 adapters=431
 compilation: enabled

Compilation events (10 events):
Event: 23.445 Thread 0x00007f948202f800 5323       3       org.apache.tomcat.util.buf.MessageBytes::equalsIgnoreCase (78 bytes)
Event: 23.446 Thread 0x00007f948202f800 nmethod 5323 0x000000010a3479d0 code [0x000000010a347b60, 0x000000010a348008]
Event: 23.472 Thread 0x00007f948202e000 nmethod 5313 0x000000010ac9b350 code [0x000000010ac9b500, 0x000000010ac9c038]
Event: 23.472 Thread 0x00007f948202e000 5306       4       java.lang.Class::copyMethods (36 bytes)
Event: 23.499 Thread 0x00007f948202e000 nmethod 5306 0x000000010a3306d0 code [0x000000010a330880, 0x000000010a3311b8]
Event: 23.499 Thread 0x00007f948202e000 5315       4       java.util.Collections$EmptySet::toArray (11 bytes)
Event: 23.501 Thread 0x00007f948202e000 nmethod 5315 0x000000010a887e90 code [0x000000010a887fe0, 0x000000010a888098]
Event: 23.709 Thread 0x00007f948202f000 nmethod 5301 0x000000010acaa150 code [0x000000010acaa740, 0x000000010acaf268]
Event: 40.945 Thread 0x00007f948202f800 5324       1       java.nio.channels.spi.AbstractSelector::cancelledKeys (5 bytes)
Event: 40.945 Thread 0x00007f948202f800 nmethod 5324 0x000000010a887bd0 code [0x000000010a887d20, 0x000000010a887e30]

GC Heap History (10 events):
Event: 5.979 GC heap before
{Heap before GC invocations=9 (full 1):
 PSYoungGen      total 115712K, used 16034K [0x0000000795580000, 0x00000007a0f80000, 0x00000007c0000000)
  eden space 106496K, 6% used [0x0000000795580000,0x0000000795c2d670,0x000000079bd80000)
  from space 9216K, 99% used [0x000000079bd80000,0x000000079c67b570,0x000000079c680000)
  to   space 11264K, 0% used [0x00000007a0480000,0x00000007a0480000,0x00000007a0f80000)
 ParOldGen       total 53760K, used 8701K [0x0000000740000000, 0x0000000743480000, 0x0000000795580000)
  object space 53760K, 16% used [0x0000000740000000,0x000000074087f4f8,0x0000000743480000)
 Metaspace       used 33895K, capacity 35352K, committed 35416K, reserved 1081344K
  class space    used 4288K, capacity 4587K, committed 4608K, reserved 1048576K
Event: 5.993 GC heap after
Heap after GC invocations=9 (full 1):
 PSYoungGen      total 178688K, used 8579K [0x0000000795580000, 0x00000007a1f80000, 0x00000007c0000000)
  eden space 167424K, 0% used [0x0000000795580000,0x0000000795580000,0x000000079f900000)
  from space 11264K, 76% used [0x00000007a0480000,0x00000007a0ce0fc8,0x00000007a0f80000)
  to   space 11776K, 0% used [0x000000079f900000,0x000000079f900000,0x00000007a0480000)
 ParOldGen       total 53760K, used 8709K [0x0000000740000000, 0x0000000743480000, 0x0000000795580000)
  object space 53760K, 16% used [0x0000000740000000,0x00000007408814f8,0x0000000743480000)
 Metaspace       used 33895K, capacity 35352K, committed 35416K, reserved 1081344K
  class space    used 4288K, capacity 4587K, committed 4608K, reserved 1048576K
}
Event: 5.993 GC heap before
{Heap before GC invocations=10 (full 2):
 PSYoungGen      total 178688K, used 8579K [0x0000000795580000, 0x00000007a1f80000, 0x00000007c0000000)
  eden space 167424K, 0% used [0x0000000795580000,0x0000000795580000,0x000000079f900000)
  from space 11264K, 76% used [0x00000007a0480000,0x00000007a0ce0fc8,0x00000007a0f80000)
  to   space 11776K, 0% used [0x000000079f900000,0x000000079f900000,0x00000007a0480000)
 ParOldGen       total 53760K, used 8709K [0x0000000740000000, 0x0000000743480000, 0x0000000795580000)
  object space 53760K, 16% used [0x0000000740000000,0x00000007408814f8,0x0000000743480000)
 Metaspace       used 33895K, capacity 35352K, committed 35416K, reserved 1081344K
  class space    used 4288K, capacity 4587K, committed 4608K, reserved 1048576K
Event: 6.082 GC heap after
Heap after GC invocations=10 (full 2):
 PSYoungGen      total 178688K, used 0K [0x0000000795580000, 0x00000007a1f80000, 0x00000007c0000000)
  eden space 167424K, 0% used [0x0000000795580000,0x0000000795580000,0x000000079f900000)
  from space 11264K, 0% used [0x00000007a0480000,0x00000007a0480000,0x00000007a0f80000)
  to   space 11776K, 0% used [0x000000079f900000,0x000000079f900000,0x00000007a0480000)
 ParOldGen       total 77824K, used 12872K [0x0000000740000000, 0x0000000744c00000, 0x0000000795580000)
  object space 77824K, 16% used [0x0000000740000000,0x0000000740c921a8,0x0000000744c00000)
 Metaspace       used 33895K, capacity 35352K, committed 35416K, reserved 1081344K
  class space    used 4288K, capacity 4587K, committed 4608K, reserved 1048576K
}
Event: 9.015 GC heap before
{Heap before GC invocations=11 (full 2):
 PSYoungGen      total 178688K, used 167424K [0x0000000795580000, 0x00000007a1f80000, 0x00000007c0000000)
  eden space 167424K, 100% used [0x0000000795580000,0x000000079f900000,0x000000079f900000)
  from space 11264K, 0% used [0x00000007a0480000,0x00000007a0480000,0x00000007a0f80000)
  to   space 11776K, 0% used [0x000000079f900000,0x000000079f900000,0x00000007a0480000)
 ParOldGen       total 77824K, used 12872K [0x0000000740000000, 0x0000000744c00000, 0x0000000795580000)
  object space 77824K, 16% used [0x0000000740000000,0x0000000740c921a8,0x0000000744c00000)
 Metaspace       used 48702K, capacity 50386K, committed 50432K, reserved 1093632K
  class space    used 6592K, capacity 6910K, committed 6912K, reserved 1048576K
Event: 9.040 GC heap after
Heap after GC invocations=11 (full 2):
 PSYoungGen      total 179200K, used 11751K [0x0000000795580000, 0x00000007a4f00000, 0x00000007c0000000)
  eden space 167424K, 0% used [0x0000000795580000,0x0000000795580000,0x000000079f900000)
  from space 11776K, 99% used [0x000000079f900000,0x00000007a0479dc0,0x00000007a0480000)
  to   space 14848K, 0% used [0x00000007a4080000,0x00000007a4080000,0x00000007a4f00000)
 ParOldGen       total 77824K, used 16809K [0x0000000740000000, 0x0000000744c00000, 0x0000000795580000)
  object space 77824K, 21% used [0x0000000740000000,0x000000074106a410,0x0000000744c00000)
 Metaspace       used 48702K, capacity 50386K, committed 50432K, reserved 1093632K
  class space    used 6592K, capacity 6910K, committed 6912K, reserved 1048576K
}
Event: 11.247 GC heap before
{Heap before GC invocations=12 (full 2):
 PSYoungGen      total 179200K, used 130074K [0x0000000795580000, 0x00000007a4f00000, 0x00000007c0000000)
  eden space 167424K, 70% used [0x0000000795580000,0x000000079c90caf8,0x000000079f900000)
  from space 11776K, 99% used [0x000000079f900000,0x00000007a0479dc0,0x00000007a0480000)
  to   space 14848K, 0% used [0x00000007a4080000,0x00000007a4080000,0x00000007a4f00000)
 ParOldGen       total 77824K, used 16809K [0x0000000740000000, 0x0000000744c00000, 0x0000000795580000)
  object space 77824K, 21% used [0x0000000740000000,0x000000074106a410,0x0000000744c00000)
 Metaspace       used 56580K, capacity 58900K, committed 59008K, reserved 1099776K
  class space    used 7643K, capacity 8059K, committed 8064K, reserved 1048576K
Event: 11.274 GC heap after
Heap after GC invocations=12 (full 2):
 PSYoungGen      total 236032K, used 13895K [0x0000000795580000, 0x00000007a4e80000, 0x00000007c0000000)
  eden space 221696K, 0% used [0x0000000795580000,0x0000000795580000,0x00000007a2e00000)
  from space 14336K, 96% used [0x00000007a4080000,0x00000007a4e11d90,0x00000007a4e80000)
  to   space 16384K, 0% used [0x00000007a2e80000,0x00000007a2e80000,0x00000007a3e80000)
 ParOldGen       total 77824K, used 16817K [0x0000000740000000, 0x0000000744c00000, 0x0000000795580000)
  object space 77824K, 21% used [0x0000000740000000,0x000000074106c410,0x0000000744c00000)
 Metaspace       used 56580K, capacity 58900K, committed 59008K, reserved 1099776K
  class space    used 7643K, capacity 8059K, committed 8064K, reserved 1048576K
}
Event: 11.274 GC heap before
{Heap before GC invocations=13 (full 3):
 PSYoungGen      total 236032K, used 13895K [0x0000000795580000, 0x00000007a4e80000, 0x00000007c0000000)
  eden space 221696K, 0% used [0x0000000795580000,0x0000000795580000,0x00000007a2e00000)
  from space 14336K, 96% used [0x00000007a4080000,0x00000007a4e11d90,0x00000007a4e80000)
  to   space 16384K, 0% used [0x00000007a2e80000,0x00000007a2e80000,0x00000007a3e80000)
 ParOldGen       total 77824K, used 16817K [0x0000000740000000, 0x0000000744c00000, 0x0000000795580000)
  object space 77824K, 21% used [0x0000000740000000,0x000000074106c410,0x0000000744c00000)
 Metaspace       used 56580K, capacity 58900K, committed 59008K, reserved 1099776K
  class space    used 7643K, capacity 8059K, committed 8064K, reserved 1048576K
Event: 11.511 GC heap after
Heap after GC invocations=13 (full 3):
 PSYoungGen      total 236032K, used 0K [0x0000000795580000, 0x00000007a4e80000, 0x00000007c0000000)
  eden space 221696K, 0% used [0x0000000795580000,0x0000000795580000,0x00000007a2e00000)
  from space 14336K, 0% used [0x00000007a4080000,0x00000007a4080000,0x00000007a4e80000)
  to   space 16384K, 0% used [0x00000007a2e80000,0x00000007a2e80000,0x00000007a3e80000)
 ParOldGen       total 111616K, used 25386K [0x0000000740000000, 0x0000000746d00000, 0x0000000795580000)
  object space 111616K, 22% used [0x0000000740000000,0x00000007418ca808,0x0000000746d00000)
 Metaspace       used 56580K, capacity 58900K, committed 59008K, reserved 1099776K
  class space    used 7643K, capacity 8059K, committed 8064K, reserved 1048576K
}

Deoptimization events (10 events):
Event: 23.422 Thread 0x00007f9487039800 Uncommon trap: reason=unhandled action=none pc=0x000000010aa7b39c method=java.net.URLClassLoader.findClass(Ljava/lang/String;)Ljava/lang/Class; @ 44
Event: 23.422 Thread 0x00007f9487039800 Uncommon trap: reason=unhandled action=none pc=0x000000010aa7b39c method=java.net.URLClassLoader.findClass(Ljava/lang/String;)Ljava/lang/Class; @ 44
Event: 23.423 Thread 0x00007f9487039800 Uncommon trap: reason=range_check action=none pc=0x000000010a44372c method=sun.reflect.generics.parser.SignatureParser.current()C @ 34
Event: 23.425 Thread 0x00007f9487039800 Uncommon trap: reason=unhandled action=none pc=0x000000010aa7b39c method=java.net.URLClassLoader.findClass(Ljava/lang/String;)Ljava/lang/Class; @ 44
Event: 23.426 Thread 0x00007f9487039800 Uncommon trap: reason=unhandled action=none pc=0x000000010aa7b39c method=java.net.URLClassLoader.findClass(Ljava/lang/String;)Ljava/lang/Class; @ 44
Event: 23.427 Thread 0x00007f9487039800 Uncommon trap: reason=unhandled action=none pc=0x000000010aa7b39c method=java.net.URLClassLoader.findClass(Ljava/lang/String;)Ljava/lang/Class; @ 44
Event: 23.429 Thread 0x00007f9487039800 Uncommon trap: reason=unhandled action=none pc=0x000000010aa7b39c method=java.net.URLClassLoader.findClass(Ljava/lang/String;)Ljava/lang/Class; @ 44
Event: 23.432 Thread 0x00007f9487039800 Uncommon trap: reason=unhandled action=none pc=0x000000010aa7b39c method=java.net.URLClassLoader.findClass(Ljava/lang/String;)Ljava/lang/Class; @ 44
Event: 23.433 Thread 0x00007f9487039800 Uncommon trap: reason=unhandled action=none pc=0x000000010aa7b39c method=java.net.URLClassLoader.findClass(Ljava/lang/String;)Ljava/lang/Class; @ 44
Event: 23.435 Thread 0x00007f9487039800 Uncommon trap: reason=unhandled action=none pc=0x000000010aa7b39c method=java.net.URLClassLoader.findClass(Ljava/lang/String;)Ljava/lang/Class; @ 44

Internal exceptions (10 events):
Event: 11.711 Thread 0x00007f9482011000 Exception <a 'java/lang/ArrayIndexOutOfBoundsException': 88> (0x00000007961db598) thrown at [/Users/java_re/workspace/8-2-build-macosx-x86_64/jdk8u45/3457/hotspot/src/share/vm/interpreter/interpreterRuntime.cpp, line 366]
Event: 11.716 Thread 0x00007f9482011000 Exception <a 'java/lang/ArrayIndexOutOfBoundsException': 137> (0x0000000796213a00) thrown at [/Users/java_re/workspace/8-2-build-macosx-x86_64/jdk8u45/3457/hotspot/src/share/vm/interpreter/interpreterRuntime.cpp, line 366]
Event: 11.872 Thread 0x00007f9482011000 Exception <a 'java/lang/ArrayIndexOutOfBoundsException': 123> (0x00000007969bb2d8) thrown at [/Users/java_re/workspace/8-2-build-macosx-x86_64/jdk8u45/3457/hotspot/src/share/vm/interpreter/interpreterRuntime.cpp, line 366]
Event: 12.005 Thread 0x00007f9482011000 Exception <a 'java/lang/ArrayIndexOutOfBoundsException': 159> (0x0000000797022940) thrown at [/Users/java_re/workspace/8-2-build-macosx-x86_64/jdk8u45/3457/hotspot/src/share/vm/interpreter/interpreterRuntime.cpp, line 366]
Event: 23.263 Thread 0x00007f9487039800 Exception <a 'java/lang/reflect/InvocationTargetException'> (0x0000000798a73a78) thrown at [/Users/java_re/workspace/8-2-build-macosx-x86_64/jdk8u45/3457/hotspot/src/share/vm/runtime/reflection.cpp, line 1080]
Event: 23.304 Thread 0x00007f9487039800 Exception <a 'java/lang/ArrayIndexOutOfBoundsException': 64> (0x0000000798bf3818) thrown at [/Users/java_re/workspace/8-2-build-macosx-x86_64/jdk8u45/3457/hotspot/src/share/vm/interpreter/interpreterRuntime.cpp, line 366]
Event: 23.313 Thread 0x00007f9487039800 Exception <a 'java/lang/ArrayIndexOutOfBoundsException': 78> (0x0000000798c7e2c8) thrown at [/Users/java_re/workspace/8-2-build-macosx-x86_64/jdk8u45/3457/hotspot/src/share/vm/interpreter/interpreterRuntime.cpp, line 366]
Event: 23.314 Thread 0x00007f9487039800 Exception <a 'java/lang/ArrayIndexOutOfBoundsException': 83> (0x0000000798c8b488) thrown at [/Users/java_re/workspace/8-2-build-macosx-x86_64/jdk8u45/3457/hotspot/src/share/vm/interpreter/interpreterRuntime.cpp, line 366]
Event: 23.417 Thread 0x00007f9487039800 Exception <a 'java/lang/ArrayIndexOutOfBoundsException': 149> (0x000000079901f5e0) thrown at [/Users/java_re/workspace/8-2-build-macosx-x86_64/jdk8u45/3457/hotspot/src/share/vm/interpreter/interpreterRuntime.cpp, line 366]
Event: 23.423 Thread 0x00007f9487039800 Exception <a 'java/lang/ArrayIndexOutOfBoundsException': 61> (0x0000000799083c28) thrown at [/Users/java_re/workspace/8-2-build-macosx-x86_64/jdk8u45/3457/hotspot/src/share/vm/interpreter/interpreterRuntime.cpp, line 366]

Events (10 events):
Event: 23.435 Thread 0x00007f9487039800 DEOPT PACKING pc=0x000000010a815064 sp=0x0000700001b64c80
Event: 23.435 Thread 0x00007f9487039800 DEOPT UNPACKING pc=0x000000010a1c1633 sp=0x0000700001b64950 mode 1
Event: 23.443 Executing VM operation: RevokeBias
Event: 23.443 Executing VM operation: RevokeBias done
Event: 23.444 loading class org/springframework/web/context/request/WebRequest
Event: 23.444 loading class org/springframework/web/context/request/WebRequest done
Event: 23.444 loading class org/springframework/web/method/annotation/SessionAttributesHandler
Event: 23.444 loading class org/springframework/web/method/annotation/SessionAttributesHandler done
Event: 43.595 Executing VM operation: RedefineClasses
Event: 43.637 Executing VM operation: RedefineClasses done


Dynamic libraries:
0x0000000001a8a000 	/System/Library/Frameworks/Cocoa.framework/Versions/A/Cocoa
0x0000000001a8a000 	/System/Library/Frameworks/Security.framework/Versions/A/Security
0x0000000001a8a000 	/System/Library/Frameworks/ApplicationServices.framework/Versions/A/ApplicationServices
0x0000000001a8a000 	/usr/lib/libz.1.dylib
0x0000000001a8a000 	/usr/lib/libSystem.B.dylib
0x0000000001a8a000 	/usr/lib/libobjc.A.dylib
0x0000000001a8a000 	/System/Library/Frameworks/CoreFoundation.framework/Versions/A/CoreFoundation
0x0000000001a8a000 	/System/Library/Frameworks/Foundation.framework/Versions/C/Foundation
0x0000000001a8a000 	/System/Library/Frameworks/AppKit.framework/Versions/C/AppKit
0x0000000001a8a000 	/System/Library/Frameworks/CoreData.framework/Versions/A/CoreData
0x0000000001a8a000 	/System/Library/PrivateFrameworks/RemoteViewServices.framework/Versions/A/RemoteViewServices
0x0000000001a8a000 	/System/Library/PrivateFrameworks/UIFoundation.framework/Versions/A/UIFoundation
0x0000000001a8a000 	/usr/lib/libScreenReader.dylib
0x0000000001a8a000 	/System/Library/Frameworks/Accelerate.framework/Versions/A/Accelerate
0x0000000001a8a000 	/System/Library/Frameworks/IOSurface.framework/Versions/A/IOSurface
0x0000000001a8a000 	/System/Library/Frameworks/AudioToolbox.framework/Versions/A/AudioToolbox
0x0000000001a8a000 	/System/Library/Frameworks/AudioUnit.framework/Versions/A/AudioUnit
0x0000000001a8a000 	/System/Library/PrivateFrameworks/DataDetectorsCore.framework/Versions/A/DataDetectorsCore
0x0000000001a8a000 	/System/Library/PrivateFrameworks/DesktopServicesPriv.framework/Versions/A/DesktopServicesPriv
0x0000000001a8a000 	/System/Library/Frameworks/Carbon.framework/Versions/A/Frameworks/HIToolbox.framework/Versions/A/HIToolbox
0x0000000001a8a000 	/System/Library/Frameworks/QuartzCore.framework/Versions/A/QuartzCore
0x0000000001a8a000 	/System/Library/Frameworks/Carbon.framework/Versions/A/Frameworks/SpeechRecognition.framework/Versions/A/SpeechRecognition
0x0000000001a8a000 	/usr/lib/libauto.dylib
0x0000000001a8a000 	/usr/lib/libicucore.A.dylib
0x0000000001a8a000 	/usr/lib/libxml2.2.dylib
0x0000000001a8a000 	/System/Library/PrivateFrameworks/CoreUI.framework/Versions/A/CoreUI
0x0000000001a8a000 	/System/Library/Frameworks/CoreAudio.framework/Versions/A/CoreAudio
0x0000000001a8a000 	/System/Library/Frameworks/DiskArbitration.framework/Versions/A/DiskArbitration
0x0000000001a8a000 	/usr/lib/liblangid.dylib
0x0000000001a8a000 	/System/Library/PrivateFrameworks/MultitouchSupport.framework/Versions/A/MultitouchSupport
0x0000000001a8a000 	/System/Library/Frameworks/IOKit.framework/Versions/A/IOKit
0x0000000001a8a000 	/usr/lib/libDiagnosticMessagesClient.dylib
0x0000000001a8a000 	/System/Library/Frameworks/CoreServices.framework/Versions/A/CoreServices
0x0000000001a8a000 	/System/Library/PrivateFrameworks/PerformanceAnalysis.framework/Versions/A/PerformanceAnalysis
0x0000000001a8a000 	/System/Library/PrivateFrameworks/GenerationalStorage.framework/Versions/A/GenerationalStorage
0x0000000001a8a000 	/System/Library/Frameworks/OpenGL.framework/Versions/A/OpenGL
0x0000000001a8a000 	/System/Library/PrivateFrameworks/Sharing.framework/Versions/A/Sharing
0x0000000001a8a000 	/System/Library/Frameworks/CoreGraphics.framework/Versions/A/CoreGraphics
0x0000000001a8a000 	/System/Library/Frameworks/CoreImage.framework/Versions/A/CoreImage
0x0000000001a8a000 	/System/Library/Frameworks/CoreText.framework/Versions/A/CoreText
0x0000000001a8a000 	/System/Library/Frameworks/ImageIO.framework/Versions/A/ImageIO
0x0000000001a8a000 	/System/Library/PrivateFrameworks/Backup.framework/Versions/A/Backup
0x0000000001a8a000 	/usr/lib/libextension.dylib
0x0000000001a8a000 	/usr/lib/libarchive.2.dylib
0x0000000001a8a000 	/System/Library/Frameworks/CFNetwork.framework/Versions/A/CFNetwork
0x0000000001a8a000 	/System/Library/Frameworks/SystemConfiguration.framework/Versions/A/SystemConfiguration
0x0000000001a8a000 	/usr/lib/libCRFSuite.dylib
0x0000000001a8a000 	/usr/lib/libc++.1.dylib
0x0000000001a8a000 	/usr/lib/libc++abi.dylib
0x0000000001a8a000 	/usr/lib/system/libcache.dylib
0x0000000001a8a000 	/usr/lib/system/libcommonCrypto.dylib
0x0000000001a8a000 	/usr/lib/system/libcompiler_rt.dylib
0x0000000001a8a000 	/usr/lib/system/libcopyfile.dylib
0x0000000001a8a000 	/usr/lib/system/libcorecrypto.dylib
0x0000000001a8a000 	/usr/lib/system/libdispatch.dylib
0x0000000001a8a000 	/usr/lib/system/libdyld.dylib
0x0000000001a8a000 	/usr/lib/system/libkeymgr.dylib
0x0000000001a8a000 	/usr/lib/system/liblaunch.dylib
0x0000000001a8a000 	/usr/lib/system/libmacho.dylib
0x0000000001a8a000 	/usr/lib/system/libquarantine.dylib
0x0000000001a8a000 	/usr/lib/system/libremovefile.dylib
0x0000000001a8a000 	/usr/lib/system/libsystem_asl.dylib
0x0000000001a8a000 	/usr/lib/system/libsystem_blocks.dylib
0x0000000001a8a000 	/usr/lib/system/libsystem_c.dylib
0x0000000001a8a000 	/usr/lib/system/libsystem_configuration.dylib
0x0000000001a8a000 	/usr/lib/system/libsystem_coreservices.dylib
0x0000000001a8a000 	/usr/lib/system/libsystem_coretls.dylib
0x0000000001a8a000 	/usr/lib/system/libsystem_dnssd.dylib
0x0000000001a8a000 	/usr/lib/system/libsystem_info.dylib
0x0000000001a8a000 	/usr/lib/system/libsystem_kernel.dylib
0x0000000001a8a000 	/usr/lib/system/libsystem_m.dylib
0x0000000001a8a000 	/usr/lib/system/libsystem_malloc.dylib
0x0000000001a8a000 	/usr/lib/system/libsystem_network.dylib
0x0000000001a8a000 	/usr/lib/system/libsystem_networkextension.dylib
0x0000000001a8a000 	/usr/lib/system/libsystem_notify.dylib
0x0000000001a8a000 	/usr/lib/system/libsystem_platform.dylib
0x0000000001a8a000 	/usr/lib/system/libsystem_pthread.dylib
0x0000000001a8a000 	/usr/lib/system/libsystem_sandbox.dylib
0x0000000001a8a000 	/usr/lib/system/libsystem_secinit.dylib
0x0000000001a8a000 	/usr/lib/system/libsystem_trace.dylib
0x0000000001a8a000 	/usr/lib/system/libunc.dylib
0x0000000001a8a000 	/usr/lib/system/libunwind.dylib
0x0000000001a8a000 	/usr/lib/system/libxpc.dylib
0x0000000001a8a000 	/usr/lib/libenergytrace.dylib
0x0000000001a8a000 	/usr/lib/libbsm.0.dylib
0x0000000001a8a000 	/usr/lib/system/libkxld.dylib
0x0000000001a8a000 	/usr/lib/libxar.1.dylib
0x0000000001a8a000 	/usr/lib/libsqlite3.dylib
0x0000000001a8a000 	/usr/lib/libpam.2.dylib
0x0000000001a8a000 	/usr/lib/libOpenScriptingUtil.dylib
0x0000000001a8a000 	/usr/lib/libbz2.1.0.dylib
0x0000000001a8a000 	/usr/lib/liblzma.5.dylib
0x0000000001a8a000 	/System/Library/Frameworks/CoreServices.framework/Versions/A/Frameworks/FSEvents.framework/Versions/A/FSEvents
0x0000000001a8a000 	/System/Library/Frameworks/CoreServices.framework/Versions/A/Frameworks/CarbonCore.framework/Versions/A/CarbonCore
0x0000000001a8a000 	/System/Library/Frameworks/CoreServices.framework/Versions/A/Frameworks/Metadata.framework/Versions/A/Metadata
0x0000000001a8a000 	/System/Library/Frameworks/CoreServices.framework/Versions/A/Frameworks/OSServices.framework/Versions/A/OSServices
0x0000000001a8a000 	/System/Library/Frameworks/CoreServices.framework/Versions/A/Frameworks/SearchKit.framework/Versions/A/SearchKit
0x0000000001a8a000 	/System/Library/Frameworks/CoreServices.framework/Versions/A/Frameworks/AE.framework/Versions/A/AE
0x0000000001a8a000 	/System/Library/Frameworks/CoreServices.framework/Versions/A/Frameworks/LaunchServices.framework/Versions/A/LaunchServices
0x0000000001a8a000 	/System/Library/Frameworks/CoreServices.framework/Versions/A/Frameworks/DictionaryServices.framework/Versions/A/DictionaryServices
0x0000000001a8a000 	/System/Library/Frameworks/CoreServices.framework/Versions/A/Frameworks/SharedFileList.framework/Versions/A/SharedFileList
0x0000000001a8a000 	/System/Library/Frameworks/NetFS.framework/Versions/A/NetFS
0x0000000001a8a000 	/System/Library/PrivateFrameworks/NetAuth.framework/Versions/A/NetAuth
0x0000000001a8a000 	/System/Library/PrivateFrameworks/login.framework/Versions/A/Frameworks/loginsupport.framework/Versions/A/loginsupport
0x0000000001a8a000 	/System/Library/PrivateFrameworks/TCC.framework/Versions/A/TCC
0x0000000001a8a000 	/usr/lib/libmecabra.dylib
0x0000000001a8a000 	/System/Library/Frameworks/ApplicationServices.framework/Versions/A/Frameworks/ATS.framework/Versions/A/ATS
0x0000000001a8a000 	/System/Library/Frameworks/ApplicationServices.framework/Versions/A/Frameworks/ColorSync.framework/Versions/A/ColorSync
0x0000000001a8a000 	/System/Library/Frameworks/ApplicationServices.framework/Versions/A/Frameworks/HIServices.framework/Versions/A/HIServices
0x0000000001a8a000 	/System/Library/Frameworks/ApplicationServices.framework/Versions/A/Frameworks/LangAnalysis.framework/Versions/A/LangAnalysis
0x0000000001a8a000 	/System/Library/Frameworks/ApplicationServices.framework/Versions/A/Frameworks/PrintCore.framework/Versions/A/PrintCore
0x0000000001a8a000 	/System/Library/Frameworks/ApplicationServices.framework/Versions/A/Frameworks/QD.framework/Versions/A/QD
0x0000000001a8a000 	/System/Library/Frameworks/ApplicationServices.framework/Versions/A/Frameworks/SpeechSynthesis.framework/Versions/A/SpeechSynthesis
0x0000000001a8a000 	/System/Library/Frameworks/Metal.framework/Versions/A/Metal
0x0000000001a8a000 	/System/Library/Frameworks/Accelerate.framework/Versions/A/Frameworks/vImage.framework/Versions/A/vImage
0x0000000001a8a000 	/System/Library/Frameworks/Accelerate.framework/Versions/A/Frameworks/vecLib.framework/Versions/A/vecLib
0x0000000001a8a000 	/System/Library/Frameworks/Accelerate.framework/Versions/A/Frameworks/vecLib.framework/Versions/A/libvDSP.dylib
0x0000000001a8a000 	/System/Library/Frameworks/Accelerate.framework/Versions/A/Frameworks/vecLib.framework/Versions/A/libvMisc.dylib
0x0000000001a8a000 	/System/Library/Frameworks/Accelerate.framework/Versions/A/Frameworks/vecLib.framework/Versions/A/libLAPACK.dylib
0x0000000001a8a000 	/System/Library/Frameworks/Accelerate.framework/Versions/A/Frameworks/vecLib.framework/Versions/A/libBLAS.dylib
0x0000000001a8a000 	/System/Library/Frameworks/Accelerate.framework/Versions/A/Frameworks/vecLib.framework/Versions/A/libLinearAlgebra.dylib
0x0000000001a8a000 	/System/Library/Frameworks/Accelerate.framework/Versions/A/Frameworks/vecLib.framework/Versions/A/libSparseBLAS.dylib
0x0000000001a8a000 	/System/Library/PrivateFrameworks/GPUCompiler.framework/libmetal_timestamp.dylib
0x0000000001a8a000 	/System/Library/Frameworks/OpenGL.framework/Versions/A/Libraries/libCoreFSCache.dylib
0x0000000001a8a000 	/System/Library/PrivateFrameworks/IOAccelerator.framework/Versions/A/IOAccelerator
0x0000000001a8a000 	/System/Library/Frameworks/ApplicationServices.framework/Versions/A/Frameworks/ATS.framework/Versions/A/Resources/libFontParser.dylib
0x0000000001a8a000 	/System/Library/Frameworks/ApplicationServices.framework/Versions/A/Frameworks/ATS.framework/Versions/A/Resources/libFontRegistry.dylib
0x0000000001a8a000 	/System/Library/PrivateFrameworks/AppleVPA.framework/Versions/A/AppleVPA
0x0000000001a8a000 	/System/Library/PrivateFrameworks/AppleJPEG.framework/Versions/A/AppleJPEG
0x0000000001a8a000 	/System/Library/Frameworks/ImageIO.framework/Versions/A/Resources/libJPEG.dylib
0x0000000001a8a000 	/System/Library/Frameworks/ImageIO.framework/Versions/A/Resources/libTIFF.dylib
0x0000000001a8a000 	/System/Library/Frameworks/ImageIO.framework/Versions/A/Resources/libPng.dylib
0x0000000001a8a000 	/System/Library/Frameworks/ImageIO.framework/Versions/A/Resources/libGIF.dylib
0x0000000001a8a000 	/System/Library/Frameworks/ImageIO.framework/Versions/A/Resources/libJP2.dylib
0x0000000001a8a000 	/System/Library/Frameworks/ImageIO.framework/Versions/A/Resources/libRadiance.dylib
0x0000000001a8a000 	/System/Library/Frameworks/CoreVideo.framework/Versions/A/CoreVideo
0x0000000001a8a000 	/System/Library/Frameworks/OpenGL.framework/Versions/A/Libraries/libGLU.dylib
0x0000000001a8a000 	/System/Library/Frameworks/OpenGL.framework/Versions/A/Libraries/libGFXShared.dylib
0x0000000001a8a000 	/System/Library/Frameworks/OpenGL.framework/Versions/A/Libraries/libGL.dylib
0x0000000001a8a000 	/System/Library/Frameworks/OpenGL.framework/Versions/A/Libraries/libGLImage.dylib
0x0000000001a8a000 	/System/Library/Frameworks/OpenGL.framework/Versions/A/Libraries/libCVMSPluginSupport.dylib
0x0000000001a8a000 	/System/Library/Frameworks/OpenGL.framework/Versions/A/Libraries/libCoreVMClient.dylib
0x0000000001a8a000 	/usr/lib/libcompression.dylib
0x0000000001a8a000 	/usr/lib/libcups.2.dylib
0x0000000001a8a000 	/System/Library/Frameworks/Kerberos.framework/Versions/A/Kerberos
0x0000000001a8a000 	/System/Library/Frameworks/GSS.framework/Versions/A/GSS
0x0000000001a8a000 	/usr/lib/libresolv.9.dylib
0x0000000001a8a000 	/usr/lib/libiconv.2.dylib
0x0000000001a8a000 	/System/Library/PrivateFrameworks/Heimdal.framework/Versions/A/Heimdal
0x0000000001a8a000 	/usr/lib/libheimdal-asn1.dylib
0x0000000001a8a000 	/System/Library/Frameworks/OpenDirectory.framework/Versions/A/OpenDirectory
0x0000000001a8a000 	/System/Library/PrivateFrameworks/CommonAuth.framework/Versions/A/CommonAuth
0x0000000001a8a000 	/System/Library/Frameworks/OpenDirectory.framework/Versions/A/Frameworks/CFOpenDirectory.framework/Versions/A/CFOpenDirectory
0x0000000001a8a000 	/System/Library/Frameworks/SecurityFoundation.framework/Versions/A/SecurityFoundation
0x0000000001a8a000 	/System/Library/PrivateFrameworks/LanguageModeling.framework/Versions/A/LanguageModeling
0x0000000001a8a000 	/usr/lib/libmarisa.dylib
0x0000000001a8a000 	/usr/lib/libChineseTokenizer.dylib
0x0000000001a8a000 	/usr/lib/libcmph.dylib
0x0000000001a8a000 	/System/Library/Frameworks/ServiceManagement.framework/Versions/A/ServiceManagement
0x0000000001a8a000 	/usr/lib/libxslt.1.dylib
0x0000000001a8a000 	/System/Library/Frameworks/Carbon.framework/Versions/A/Frameworks/Ink.framework/Versions/A/Ink
0x0000000001a8a000 	/usr/lib/libFosl_dynamic.dylib
0x0000000001a8a000 	/System/Library/PrivateFrameworks/FaceCore.framework/Versions/A/FaceCore
0x0000000001a8a000 	/System/Library/Frameworks/OpenCL.framework/Versions/A/OpenCL
0x0000000001a8a000 	/System/Library/PrivateFrameworks/CrashReporterSupport.framework/Versions/A/CrashReporterSupport
0x0000000001a8a000 	/System/Library/PrivateFrameworks/IconServices.framework/Versions/A/IconServices
0x0000000001a8a000 	/System/Library/PrivateFrameworks/Apple80211.framework/Versions/A/Apple80211
0x0000000001a8a000 	/System/Library/Frameworks/CoreWLAN.framework/Versions/A/CoreWLAN
0x0000000001a8a000 	/System/Library/Frameworks/IOBluetooth.framework/Versions/A/IOBluetooth
0x0000000001a8a000 	/System/Library/PrivateFrameworks/CoreWiFi.framework/Versions/A/CoreWiFi
0x0000000001a8a000 	/System/Library/Frameworks/CoreBluetooth.framework/Versions/A/CoreBluetooth
0x0000000001a8a000 	/System/Library/PrivateFrameworks/ChunkingLibrary.framework/Versions/A/ChunkingLibrary
0x0000000001a8a000 	/System/Library/PrivateFrameworks/DebugSymbols.framework/Versions/A/DebugSymbols
0x0000000001a8a000 	/System/Library/PrivateFrameworks/CoreSymbolication.framework/Versions/A/CoreSymbolication
0x0000000001a8a000 	/System/Library/PrivateFrameworks/Symbolication.framework/Versions/A/Symbolication
0x0000000001a8a000 	/System/Library/PrivateFrameworks/SpeechRecognitionCore.framework/Versions/A/SpeechRecognitionCore
0x0000000109200000 	/Library/Java/JavaVirtualMachines/jdk1.8.0_45.jdk/Contents/Home/jre/lib/server/libjvm.dylib
0x0000000001a8a000 	/usr/lib/libstdc++.6.dylib
0x0000000108967000 	/Library/Java/JavaVirtualMachines/jdk1.8.0_45.jdk/Contents/Home/jre/lib/libverify.dylib
0x0000000108975000 	/Library/Java/JavaVirtualMachines/jdk1.8.0_45.jdk/Contents/Home/jre/lib/libjava.dylib
0x00000001089ab000 	/Library/Java/JavaVirtualMachines/jdk1.8.0_45.jdk/Contents/Home/jre/lib/libjdwp.dylib
0x00000001089f6000 	/Library/Java/JavaVirtualMachines/jdk1.8.0_45.jdk/Contents/Home/jre/lib/libnpt.dylib
0x000000010a171000 	/Library/Java/JavaVirtualMachines/jdk1.8.0_45.jdk/Contents/Home/jre/lib/libzip.dylib
0x000000011fadc000 	/System/Library/Frameworks/JavaVM.framework/Frameworks/JavaRuntimeSupport.framework/JavaRuntimeSupport
0x000000011faf7000 	/System/Library/Frameworks/JavaVM.framework/Versions/A/Frameworks/JavaNativeFoundation.framework/Versions/A/JavaNativeFoundation
0x000000011fb0c000 	/System/Library/Frameworks/JavaVM.framework/Versions/A/JavaVM
0x0000000001a8a000 	/System/Library/Frameworks/Carbon.framework/Versions/A/Carbon
0x000000011fb19000 	/System/Library/PrivateFrameworks/JavaLaunching.framework/Versions/A/JavaLaunching
0x0000000001a8a000 	/System/Library/Frameworks/Carbon.framework/Versions/A/Frameworks/CommonPanels.framework/Versions/A/CommonPanels
0x0000000001a8a000 	/System/Library/Frameworks/Carbon.framework/Versions/A/Frameworks/Help.framework/Versions/A/Help
0x0000000001a8a000 	/System/Library/Frameworks/Carbon.framework/Versions/A/Frameworks/ImageCapture.framework/Versions/A/ImageCapture
0x0000000001a8a000 	/System/Library/Frameworks/Carbon.framework/Versions/A/Frameworks/OpenScripting.framework/Versions/A/OpenScripting
0x0000000001a8a000 	/System/Library/Frameworks/Carbon.framework/Versions/A/Frameworks/Print.framework/Versions/A/Print
0x0000000001a8a000 	/System/Library/Frameworks/Carbon.framework/Versions/A/Frameworks/SecurityHI.framework/Versions/A/SecurityHI
0x0000000121438000 	/Library/Java/JavaVirtualMachines/jdk1.8.0_45.jdk/Contents/Home/jre/lib/libdt_socket.dylib
0x0000000121a1d000 	/Library/Java/JavaVirtualMachines/jdk1.8.0_45.jdk/Contents/Home/jre/lib/libmanagement.dylib
0x0000000121878000 	/Library/Java/JavaVirtualMachines/jdk1.8.0_45.jdk/Contents/Home/jre/lib/libnet.dylib
0x000000012188f000 	/Library/Java/JavaVirtualMachines/jdk1.8.0_45.jdk/Contents/Home/jre/lib/libinstrument.dylib
0x000000012192b000 	/Library/Java/JavaVirtualMachines/jdk1.8.0_45.jdk/Contents/Home/jre/lib/libnio.dylib

VM Arguments:
jvm_args: -agentlib:jdwp=transport=dt_socket,suspend=y,address=localhost:50655 -Dfile.encoding=UTF-8 
java_command: com.janaldous.sponsorship.SponorshipApplication
java_class_path (initial): /Users/janaldoustorres/Documents/Code/Java/stuff2019/sponorship/target/classes:/Users/janaldoustorres/.m2/repository/org/springframework/boot/spring-boot-starter-web/2.1.9.RELEASE/spring-boot-starter-web-2.1.9.RELEASE.jar:/Users/janaldoustorres/.m2/repository/org/springframework/boot/spring-boot-starter/2.1.9.RELEASE/spring-boot-starter-2.1.9.RELEASE.jar:/Users/janaldoustorres/.m2/repository/org/springframework/boot/spring-boot/2.1.9.RELEASE/spring-boot-2.1.9.RELEASE.jar:/Users/janaldoustorres/.m2/repository/org/springframework/boot/spring-boot-autoconfigure/2.1.9.RELEASE/spring-boot-autoconfigure-2.1.9.RELEASE.jar:/Users/janaldoustorres/.m2/repository/org/springframework/boot/spring-boot-starter-logging/2.1.9.RELEASE/spring-boot-starter-logging-2.1.9.RELEASE.jar:/Users/janaldoustorres/.m2/repository/ch/qos/logback/logback-classic/1.2.3/logback-classic-1.2.3.jar:/Users/janaldoustorres/.m2/repository/ch/qos/logback/logback-core/1.2.3/logback-core-1.2.3.jar:/Users/janaldoustorres/.m2/repository/org/apache/logging/log4j/log4j-to-slf4j/2.11.2/log4j-to-slf4j-2.11.2.jar:/Users/janaldoustorres/.m2/repository/org/apache/logging/log4j/log4j-api/2.11.2/log4j-api-2.11.2.jar:/Users/janaldoustorres/.m2/repository/org/slf4j/jul-to-slf4j/1.7.28/jul-to-slf4j-1.7.28.jar:/Users/janaldoustorres/.m2/repository/javax/annotation/javax.annotation-api/1.3.2/javax.annotation-api-1.3.2.jar:/Users/janaldoustorres/.m2/repository/org/yaml/snakeyaml/1.23/snakeyaml-1.23.jar:/Users/janaldoustorres/.m2/repository/org/springframework/boot/spring-boot-starter-json/2.1.9.RELEASE/spring-boot-starter-json-2.1.9.RELEASE.jar:/Users/janaldoustorres/.m2/repository/com/fasterxml/jackson/datatype/jackson-datatype-jdk8/2.9.9/jackson-datatype-jdk8-2.9.9.jar:/Users/janaldoustorres/.m2/repository/com/fasterxml/jackson/datatype/jackson-datatype-jsr310/2.9.9/jackson-datatype-jsr310-2.9.9.jar:/Users/janaldoustorres/.m2/repository/com/fasterxml/jackson/module/jackson-module-parameter-name
Launcher Type: SUN_STANDARD

Environment Variables:
PATH=/usr/bin:/bin:/usr/sbin:/sbin
SHELL=/bin/bash
DISPLAY=/private/tmp/com.apple.launchd.j5r8B7GSxp/org.macosforge.xquartz:0

Signal Handlers:
SIGSEGV: [libjvm.dylib+0x58ef95], sa_mask[0]=11111111011111110111111111111111, sa_flags=SA_ONSTACK|SA_RESTART|SA_SIGINFO
SIGBUS: [libjvm.dylib+0x58ef95], sa_mask[0]=11111111011111110111111111111111, sa_flags=SA_RESTART|SA_SIGINFO
SIGFPE: [libjvm.dylib+0x46c108], sa_mask[0]=11111111011111110111111111111111, sa_flags=SA_RESTART|SA_SIGINFO
SIGPIPE: [libjvm.dylib+0x46c108], sa_mask[0]=11111111011111110111111111111111, sa_flags=SA_RESTART|SA_SIGINFO
SIGXFSZ: [libjvm.dylib+0x46c108], sa_mask[0]=11111111011111110111111111111111, sa_flags=SA_RESTART|SA_SIGINFO
SIGILL: [libjvm.dylib+0x46c108], sa_mask[0]=11111111011111110111111111111111, sa_flags=SA_RESTART|SA_SIGINFO
SIGUSR1: SIG_DFL, sa_mask[0]=00000000000000000000000000000000, sa_flags=none
SIGUSR2: [libjvm.dylib+0x46bc26], sa_mask[0]=00100000000000000000000000000000, sa_flags=SA_RESTART|SA_SIGINFO
SIGHUP: [libjvm.dylib+0x46a1f9], sa_mask[0]=11111111011111110111111111111111, sa_flags=SA_RESTART|SA_SIGINFO
SIGINT: [libjvm.dylib+0x46a1f9], sa_mask[0]=11111111011111110111111111111111, sa_flags=SA_RESTART|SA_SIGINFO
SIGTERM: [libjvm.dylib+0x46a1f9], sa_mask[0]=11111111011111110111111111111111, sa_flags=SA_RESTART|SA_SIGINFO
SIGQUIT: [libjvm.dylib+0x46a1f9], sa_mask[0]=11111111011111110111111111111111, sa_flags=SA_RESTART|SA_SIGINFO


---------------  S Y S T E M  ---------------

OS:Bsduname:Darwin 15.6.0 Darwin Kernel Version 15.6.0: Thu Jun 21 20:07:40 PDT 2018; root:xnu-3248.73.11~1/RELEASE_X86_64 x86_64
rlimit: STACK 8192k, CORE 0k, NPROC 709, NOFILE 10240, AS infinity
load average:11.77 6.47 5.00

CPU:total 4 (2 cores per cpu, 2 threads per core) family 6 model 69 stepping 1, cmov, cx8, fxsr, mmx, sse, sse2, sse3, ssse3, sse4.1, sse4.2, popcnt, avx, avx2, aes, clmul, erms, lzcnt, ht, tsc, tscinvbit, bmi1, bmi2

Memory: 4k page, physical 8388608k(46972k free)

/proc/meminfo:


vm_info: Java HotSpot(TM) 64-Bit Server VM (25.45-b02) for bsd-amd64 JRE (1.8.0_45-b14), built on Apr 10 2015 10:46:38 by "java_re" with gcc 4.2.1 (Based on Apple Inc. build 5658) (LLVM build 2336.11.00)

time: Mon Oct 28 02:23:54 2019
elapsed time: 43 seconds (0d 0h 0m 43s)

