#
# A fatal error has been detected by the Java Runtime Environment:
#
#  SIGSEGV (0xb) at pc=0x0000000101c32d10, pid=48160, tid=17155
#
# JRE version: Java(TM) SE Runtime Environment (8.0_45-b14) (build 1.8.0_45-b14)
# Java VM: Java HotSpot(TM) 64-Bit Server VM (25.45-b02 mixed mode bsd-amd64 compressed oops)
# Problematic frame:
# V  [libjvm.dylib+0x432d10]  Method::checked_resolve_jmethod_id(_jmethodID*)+0xe
#
# Failed to write core dump. Core dumps have been disabled. To enable core dumping, try "ulimit -c unlimited" before starting Java again
#
# If you would like to submit a bug report, please visit:
#   http://bugreport.java.com/bugreport/crash.jsp
#

---------------  T H R E A D  ---------------

Current thread (0x00007fa8f3835800):  JavaThread "JDWP Transport Listener: dt_socket" daemon [_thread_in_vm, id=17155, stack(0x0000700000b3b000,0x0000700000c3b000)]

siginfo: si_signo: 11 (SIGSEGV), si_code: 0 (unknown), si_addr: 0x0000000000000000

Registers:
RAX=0x0000000000000001, RBX=0x0000700000c3aa8b, RCX=0x0000000101ffa190, RDX=0x0000700000c3aa8b
RSP=0x0000700000c3a9d0, RBP=0x0000700000c3a9e0, RSI=0x00007fa8f3835800, RDI=0xb000000000000002
R8 =0x0000000000000001, R9 =0x00007fa8fb058720, R10=0x000000001ba162ae, R11=0x00007fa8fb000000
R12=0x00007fa8f3835800, R13=0xb000000000000002, R14=0xb000000000000002, R15=0x00007fa8f3609ef0
RIP=0x0000000101c32d10, EFLAGS=0x0000000000010282, ERR=0x0000000000000000
  TRAPNO=0x000000000000000d

Top of Stack: (sp=0x0000700000c3a9d0)
0x0000700000c3a9d0:   0000700000c3aa8b 0000700000c3aa8b
0x0000700000c3a9e0:   0000700000c3aa40 0000000101b430d6
0x0000700000c3a9f0:   00007fa8f3835800 0000000000000000
0x0000700000c3aa00:   0000000000000000 0000000000000000
0x0000700000c3aa10:   00007fa8f3835800 00007fa8f3835800
0x0000700000c3aa20:   0000700000c3aa8b 0000700000c3aa90
0x0000700000c3aa30:   b000000000000002 0000000000000002
0x0000700000c3aa40:   0000700000c3aa60 0000000100e70780
0x0000700000c3aa50:   0000000000000001 0000700000c3ab08
0x0000700000c3aa60:   0000700000c3aad0 0000000100e551f3
0x0000700000c3aa70:   0000700000c3aaa0 00007fa8f364f050
0x0000700000c3aa80:   0000000300000032 0000000100c3ab08
0x0000700000c3aa90:   0000000000000000 0000000000000000
0x0000700000c3aaa0:   0000000000000000 0000700000c3ac90
0x0000700000c3aab0:   0000000100e77e7a 00007fa8fb28e000
0x0000700000c3aac0:   0000700000c3ab08 0000000100e83598
0x0000700000c3aad0:   0000700000c3aae0 0000000100e552ec
0x0000700000c3aae0:   0000700000c3ad00 0000000100e5e898
0x0000700000c3aaf0:   0000f15700000013 00000000000f0200
0x0000700000c3ab00:   00007fa8fb28d9d0 0000700000c3ac17
0x0000700000c3ab10:   00007fa80000006d 0000700000c3ab20
0x0000700000c3ab20:   00000000000000bf 0000700000c3ab58
0x0000700000c3ab30:   0000000000000000 0000000000000000
0x0000700000c3ab40:   0000f1570000001c 00007fff00002c80
0x0000700000c3ab50:   0000700000c3ab58 a87f000003000000
0x0000700000c3ab60:   0600000038b004fb 00003e74696e693c
0x0000700000c3ab70:   0000005629280300 7f00000100000000
0x0000700000c3ab80:   000000e09405fba8 6c6c41646e696617
0x0000700000c3ab90:   746e6176656c6552 73726f736e6f7053
0x0000700000c3aba0:   4c29492813000000 6974752f6176616a
0x0000700000c3abb0:   003b7473694c2f6c 6a4c294928580000
0x0000700000c3abc0:   6c6974752f617661 634c3c7473694c2f 

Instructions: (pc=0x0000000101c32d10)
0x0000000101c32cf0:   40 48 48 85 c0 75 e0 30 c0 0f b6 c0 5d c3 31 c0
0x0000000101c32d00:   5d c3 55 48 89 e5 53 48 83 ec 08 48 85 ff 74 24
0x0000000101c32d10:   48 8b 1f 48 85 db 74 1c 48 83 fb 37 74 16 48 8b
0x0000000101c32d20:   03 48 89 df ff 50 10 84 c0 b8 00 00 00 00 48 0f 

Register to memory mapping:

RAX=0x0000000000000001 is an unknown value
RBX=0x0000700000c3aa8b is pointing into the stack for thread: 0x00007fa8f3835800
RCX=0x0000000101ffa190: UseMembar+0 in /Library/Java/JavaVirtualMachines/jdk1.8.0_45.jdk/Contents/Home/jre/lib/server/libjvm.dylib at 0x0000000101800000
RDX=0x0000700000c3aa8b is pointing into the stack for thread: 0x00007fa8f3835800
RSP=0x0000700000c3a9d0 is pointing into the stack for thread: 0x00007fa8f3835800
RBP=0x0000700000c3a9e0 is pointing into the stack for thread: 0x00007fa8f3835800
RSI=0x00007fa8f3835800 is a thread
RDI=0xb000000000000002 is an unknown value
R8 =0x0000000000000001 is an unknown value
R9 =0x00007fa8fb058720 is an unknown value
R10=0x000000001ba162ae is an unknown value
R11=0x00007fa8fb000000 is an unknown value
R12=0x00007fa8f3835800 is a thread
R13=0xb000000000000002 is an unknown value
R14=0xb000000000000002 is an unknown value
R15=0x00007fa8f3609ef0 is an unknown value


Stack: [0x0000700000b3b000,0x0000700000c3b000],  sp=0x0000700000c3a9d0,  free space=1022k
Native frames: (J=compiled Java code, j=interpreted, Vv=VM code, C=native code)
V  [libjvm.dylib+0x432d10]  Method::checked_resolve_jmethod_id(_jmethodID*)+0xe
V  [libjvm.dylib+0x3430d6]  jvmti_IsMethodSynthetic+0xb2
C  [libjdwp.dylib+0x20780]  isMethodSynthetic+0x63
C  [libjdwp.dylib+0x51f3]  methods1+0x10b
C  [libjdwp.dylib+0x52ec]  methodsWithGeneric+0xe
C  [libjdwp.dylib+0xe898]  debugLoop_run+0x1ce
C  [libjdwp.dylib+0x1f6ba]  attachThread+0x4d
V  [libjvm.dylib+0x38401c]  JvmtiAgentThread::call_start_function()+0x38
V  [libjvm.dylib+0x549acf]  JavaThread::thread_main_inner()+0x9b
V  [libjvm.dylib+0x54b1c0]  JavaThread::run()+0x1c2
V  [libjvm.dylib+0x46ea7e]  java_start(Thread*)+0xf6
C  [libsystem_pthread.dylib+0x399d]  _pthread_body+0x83
C  [libsystem_pthread.dylib+0x391a]  _pthread_body+0x0
C  [libsystem_pthread.dylib+0x1351]  thread_start+0xd
C  0x0000000000000000


---------------  P R O C E S S  ---------------

Java Threads: ( => current thread )
  0x00007fa8f962b800 JavaThread "DestroyJavaVM" [_thread_blocked, id=5891, stack(0x000070000011a000,0x000070000021a000)]
  0x00007fa8fa2bc000 JavaThread "http-nio-8080-Acceptor" daemon [_thread_in_native, id=31747, stack(0x000070000268c000,0x000070000278c000)]
  0x00007fa8f9c03000 JavaThread "http-nio-8080-ClientPoller" daemon [_thread_in_native, id=31235, stack(0x0000700002589000,0x0000700002689000)]
  0x00007fa8f8526000 JavaThread "http-nio-8080-exec-10" daemon [_thread_blocked, id=30723, stack(0x0000700002486000,0x0000700002586000)]
  0x00007fa8f4794800 JavaThread "http-nio-8080-exec-9" daemon [_thread_blocked, id=30211, stack(0x0000700002383000,0x0000700002483000)]
  0x00007fa8f962a800 JavaThread "http-nio-8080-exec-8" daemon [_thread_blocked, id=29699, stack(0x0000700002280000,0x0000700002380000)]
  0x00007fa8f47af000 JavaThread "http-nio-8080-exec-7" daemon [_thread_blocked, id=29187, stack(0x000070000217d000,0x000070000227d000)]
  0x00007fa8f87a7800 JavaThread "http-nio-8080-exec-6" daemon [_thread_blocked, id=28675, stack(0x000070000207a000,0x000070000217a000)]
  0x00007fa8f9c02000 JavaThread "http-nio-8080-exec-5" daemon [_thread_blocked, id=28163, stack(0x0000700001f77000,0x0000700002077000)]
  0x00007fa8f9639800 JavaThread "http-nio-8080-exec-4" daemon [_thread_blocked, id=27651, stack(0x0000700001e74000,0x0000700001f74000)]
  0x00007fa8f9ce6800 JavaThread "http-nio-8080-exec-3" daemon [_thread_blocked, id=27139, stack(0x0000700001d71000,0x0000700001e71000)]
  0x00007fa8f3cb7000 JavaThread "http-nio-8080-exec-2" daemon [_thread_blocked, id=26627, stack(0x0000700001c6e000,0x0000700001d6e000)]
  0x00007fa8f4776000 JavaThread "http-nio-8080-exec-1" daemon [_thread_blocked, id=13835, stack(0x0000700001b6b000,0x0000700001c6b000)]
  0x00007fa8f9afb000 JavaThread "http-nio-8080-BlockPoller" daemon [_thread_in_native, id=25863, stack(0x0000700001a68000,0x0000700001b68000)]
  0x00007fa8f4122800 JavaThread "HikariPool-1 housekeeper" daemon [_thread_blocked, id=25347, stack(0x0000700001965000,0x0000700001a65000)]
  0x00007fa8f4c4c800 JavaThread "PostgreSQL-JDBC-SharedTimer-1" daemon [_thread_blocked, id=24835, stack(0x0000700001862000,0x0000700001962000)]
  0x00007fa8f5676800 JavaThread "container-0" [_thread_blocked, id=24323, stack(0x000070000175f000,0x000070000185f000)]
  0x00007fa8f4b22800 JavaThread "Catalina-utility-2" [_thread_blocked, id=23811, stack(0x000070000165c000,0x000070000175c000)]
  0x00007fa8f77f7000 JavaThread "Catalina-utility-1" [_thread_blocked, id=23299, stack(0x0000700001559000,0x0000700001659000)]
  0x00007fa8f3c66000 JavaThread "RMI TCP Accept-0" daemon [_thread_in_native, id=22799, stack(0x0000700001456000,0x0000700001556000)]
  0x00007fa8f4354800 JavaThread "Attach Listener" daemon [_thread_blocked, id=21255, stack(0x0000700001353000,0x0000700001453000)]
  0x00007fa8f384b800 JavaThread "Service Thread" daemon [_thread_blocked, id=20227, stack(0x000070000114d000,0x000070000124d000)]
  0x00007fa8f482d800 JavaThread "C1 CompilerThread2" daemon [_thread_blocked, id=19715, stack(0x000070000104a000,0x000070000114a000)]
  0x00007fa8f5026800 JavaThread "C2 CompilerThread1" daemon [_thread_blocked, id=19203, stack(0x0000700000f47000,0x0000700001047000)]
  0x00007fa8f3836800 JavaThread "C2 CompilerThread0" daemon [_thread_blocked, id=18691, stack(0x0000700000e44000,0x0000700000f44000)]
  0x00007fa8f4834000 JavaThread "JDWP Command Reader" daemon [_thread_in_native, id=18179, stack(0x0000700000d41000,0x0000700000e41000)]
  0x00007fa8f4833800 JavaThread "JDWP Event Helper Thread" daemon [_thread_blocked, id=17667, stack(0x0000700000c3e000,0x0000700000d3e000)]
=>0x00007fa8f3835800 JavaThread "JDWP Transport Listener: dt_socket" daemon [_thread_in_vm, id=17155, stack(0x0000700000b3b000,0x0000700000c3b000)]
  0x00007fa8f482c800 JavaThread "Signal Dispatcher" daemon [_thread_blocked, id=12819, stack(0x0000700000a38000,0x0000700000b38000)]
  0x00007fa8f382a000 JavaThread "Finalizer" daemon [_thread_blocked, id=12291, stack(0x000070000082f000,0x000070000092f000)]
  0x00007fa8f3807800 JavaThread "Reference Handler" daemon [_thread_blocked, id=11779, stack(0x000070000072c000,0x000070000082c000)]

Other Threads:
  0x00007fa8f4827800 VMThread [stack: 0x0000700000629000,0x0000700000729000] [id=11267]
  0x00007fa8f383f000 WatcherThread [stack: 0x0000700001250000,0x0000700001350000] [id=20739]

VM state:not at safepoint (normal execution)

VM Mutex/Monitor currently owned by a thread: None

Heap:
 PSYoungGen      total 317440K, used 60541K [0x0000000795580000, 0x00000007aa080000, 0x00000007c0000000)
  eden space 304128K, 19% used [0x0000000795580000,0x000000079909f500,0x00000007a7e80000)
  from space 13312K, 0% used [0x00000007a9380000,0x00000007a9380000,0x00000007aa080000)
  to   space 17408K, 0% used [0x00000007a7e80000,0x00000007a7e80000,0x00000007a8f80000)
 ParOldGen       total 89088K, used 23497K [0x0000000740000000, 0x0000000745700000, 0x0000000795580000)
  object space 89088K, 26% used [0x0000000740000000,0x00000007416f2738,0x0000000745700000)
 Metaspace       used 59553K, capacity 62138K, committed 62336K, reserved 1103872K
  class space    used 8084K, capacity 8520K, committed 8576K, reserved 1048576K

Card table byte_map: [0x0000000111b29000,0x0000000111f2a000] byte_map_base: 0x000000010e129000

Marking Bits: (ParMarkBitMap*) 0x00000001020c27a0
 Begin Bits: [0x00000001121d5000, 0x00000001141d5000)
 End Bits:   [0x00000001141d5000, 0x00000001161d5000)

Polling page: 0x0000000100e4f000

CodeCache: size=245760Kb used=15856Kb max_used=16116Kb free=229903Kb
 bounds [0x0000000102769000, 0x0000000103739000, 0x0000000111769000]
 total_blobs=5267 nmethods=4764 adapters=423
 compilation: enabled

Compilation events (10 events):
Event: 42.184 Thread 0x00007fa8f482d800 5273       1       java.nio.channels.spi.AbstractSelector::cancelledKeys (5 bytes)
Event: 42.185 Thread 0x00007fa8f482d800 nmethod 5273 0x00000001029bb450 code [0x00000001029bb5a0, 0x00000001029bb6b0]
Event: 44.999 Thread 0x00007fa8f482d800 5274       3       java.util.concurrent.locks.LockSupport::setBlocker (12 bytes)
Event: 44.999 Thread 0x00007fa8f482d800 nmethod 5274 0x0000000102b21f50 code [0x0000000102b220a0, 0x0000000102b221f0]
Event: 49.117 Thread 0x00007fa8f482d800 5275       3       java.util.concurrent.locks.ReentrantLock$NonfairSync::tryAcquire (6 bytes)
Event: 49.118 Thread 0x00007fa8f482d800 nmethod 5275 0x000000010292f110 code [0x000000010292f280, 0x000000010292f4a8]
Event: 49.118 Thread 0x00007fa8f482d800 5276       3       java.util.concurrent.locks.ReentrantLock$Sync::nonfairTryAcquire (67 bytes)
Event: 49.119 Thread 0x00007fa8f482d800 nmethod 5276 0x0000000102b8c390 code [0x0000000102b8c540, 0x0000000102b8cca8]
Event: 50.117 Thread 0x00007fa8f482d800 5277       3       java.util.concurrent.locks.AbstractQueuedSynchronizer::isOnSyncQueue (33 bytes)
Event: 50.117 Thread 0x00007fa8f482d800 nmethod 5277 0x0000000102aa2050 code [0x0000000102aa21e0, 0x0000000102aa2590]

GC Heap History (10 events):
Event: 5.020 GC heap before
{Heap before GC invocations=9 (full 1):
 PSYoungGen      total 137216K, used 46518K [0x0000000795580000, 0x00000007a4080000, 0x00000007c0000000)
  eden space 128512K, 29% used [0x0000000795580000,0x0000000797a757b0,0x000000079d300000)
  from space 8704K, 99% used [0x000000079d300000,0x000000079db78330,0x000000079db80000)
  to   space 12288K, 0% used [0x00000007a3480000,0x00000007a3480000,0x00000007a4080000)
 ParOldGen       total 47104K, used 10516K [0x0000000740000000, 0x0000000742e00000, 0x0000000795580000)
  object space 47104K, 22% used [0x0000000740000000,0x0000000740a45070,0x0000000742e00000)
 Metaspace       used 33934K, capacity 35380K, committed 35416K, reserved 1081344K
  class space    used 4295K, capacity 4591K, committed 4608K, reserved 1048576K
Event: 5.042 GC heap after
Heap after GC invocations=9 (full 1):
 PSYoungGen      total 227840K, used 9031K [0x0000000795580000, 0x00000007a5180000, 0x00000007c0000000)
  eden space 215552K, 0% used [0x0000000795580000,0x0000000795580000,0x00000007a2800000)
  from space 12288K, 73% used [0x00000007a3480000,0x00000007a3d51cc0,0x00000007a4080000)
  to   space 12800K, 0% used [0x00000007a2800000,0x00000007a2800000,0x00000007a3480000)
 ParOldGen       total 47104K, used 10524K [0x0000000740000000, 0x0000000742e00000, 0x0000000795580000)
  object space 47104K, 22% used [0x0000000740000000,0x0000000740a47070,0x0000000742e00000)
 Metaspace       used 33934K, capacity 35380K, committed 35416K, reserved 1081344K
  class space    used 4295K, capacity 4591K, committed 4608K, reserved 1048576K
}
Event: 5.042 GC heap before
{Heap before GC invocations=10 (full 2):
 PSYoungGen      total 227840K, used 9031K [0x0000000795580000, 0x00000007a5180000, 0x00000007c0000000)
  eden space 215552K, 0% used [0x0000000795580000,0x0000000795580000,0x00000007a2800000)
  from space 12288K, 73% used [0x00000007a3480000,0x00000007a3d51cc0,0x00000007a4080000)
  to   space 12800K, 0% used [0x00000007a2800000,0x00000007a2800000,0x00000007a3480000)
 ParOldGen       total 47104K, used 10524K [0x0000000740000000, 0x0000000742e00000, 0x0000000795580000)
  object space 47104K, 22% used [0x0000000740000000,0x0000000740a47070,0x0000000742e00000)
 Metaspace       used 33934K, capacity 35380K, committed 35416K, reserved 1081344K
  class space    used 4295K, capacity 4591K, committed 4608K, reserved 1048576K
Event: 5.108 GC heap after
Heap after GC invocations=10 (full 2):
 PSYoungGen      total 227840K, used 0K [0x0000000795580000, 0x00000007a5180000, 0x00000007c0000000)
  eden space 215552K, 0% used [0x0000000795580000,0x0000000795580000,0x00000007a2800000)
  from space 12288K, 0% used [0x00000007a3480000,0x00000007a3480000,0x00000007a4080000)
  to   space 12800K, 0% used [0x00000007a2800000,0x00000007a2800000,0x00000007a3480000)
 ParOldGen       total 66560K, used 14086K [0x0000000740000000, 0x0000000744100000, 0x0000000795580000)
  object space 66560K, 21% used [0x0000000740000000,0x0000000740dc1b20,0x0000000744100000)
 Metaspace       used 33934K, capacity 35380K, committed 35416K, reserved 1081344K
  class space    used 4295K, capacity 4591K, committed 4608K, reserved 1048576K
}
Event: 8.772 GC heap before
{Heap before GC invocations=11 (full 2):
 PSYoungGen      total 227840K, used 215552K [0x0000000795580000, 0x00000007a5180000, 0x00000007c0000000)
  eden space 215552K, 100% used [0x0000000795580000,0x00000007a2800000,0x00000007a2800000)
  from space 12288K, 0% used [0x00000007a3480000,0x00000007a3480000,0x00000007a4080000)
  to   space 12800K, 0% used [0x00000007a2800000,0x00000007a2800000,0x00000007a3480000)
 ParOldGen       total 66560K, used 14086K [0x0000000740000000, 0x0000000744100000, 0x0000000795580000)
  object space 66560K, 21% used [0x0000000740000000,0x0000000740dc1b20,0x0000000744100000)
 Metaspace       used 51143K, capacity 52922K, committed 53376K, reserved 1095680K
  class space    used 6938K, capacity 7278K, committed 7296K, reserved 1048576K
Event: 8.805 GC heap after
Heap after GC invocations=11 (full 2):
 PSYoungGen      total 228352K, used 12786K [0x0000000795580000, 0x00000007aa400000, 0x00000007c0000000)
  eden space 215552K, 0% used [0x0000000795580000,0x0000000795580000,0x00000007a2800000)
  from space 12800K, 99% used [0x00000007a2800000,0x00000007a347c990,0x00000007a3480000)
  to   space 16896K, 0% used [0x00000007a9380000,0x00000007a9380000,0x00000007aa400000)
 ParOldGen       total 66560K, used 20435K [0x0000000740000000, 0x0000000744100000, 0x0000000795580000)
  object space 66560K, 30% used [0x0000000740000000,0x00000007413f4fd0,0x0000000744100000)
 Metaspace       used 51143K, capacity 52922K, committed 53376K, reserved 1095680K
  class space    used 6938K, capacity 7278K, committed 7296K, reserved 1048576K
}
Event: 10.244 GC heap before
{Heap before GC invocations=12 (full 2):
 PSYoungGen      total 228352K, used 82367K [0x0000000795580000, 0x00000007aa400000, 0x00000007c0000000)
  eden space 215552K, 32% used [0x0000000795580000,0x0000000799973480,0x00000007a2800000)
  from space 12800K, 99% used [0x00000007a2800000,0x00000007a347c990,0x00000007a3480000)
  to   space 16896K, 0% used [0x00000007a9380000,0x00000007a9380000,0x00000007aa400000)
 ParOldGen       total 66560K, used 20435K [0x0000000740000000, 0x0000000744100000, 0x0000000795580000)
  object space 66560K, 30% used [0x0000000740000000,0x00000007413f4fd0,0x0000000744100000)
 Metaspace       used 56517K, capacity 58912K, committed 59008K, reserved 1099776K
  class space    used 7643K, capacity 8059K, committed 8064K, reserved 1048576K
Event: 10.271 GC heap after
Heap after GC invocations=12 (full 2):
 PSYoungGen      total 317440K, used 11766K [0x0000000795580000, 0x00000007aa080000, 0x00000007c0000000)
  eden space 304128K, 0% used [0x0000000795580000,0x0000000795580000,0x00000007a7e80000)
  from space 13312K, 88% used [0x00000007a9380000,0x00000007a9efd940,0x00000007aa080000)
  to   space 17408K, 0% used [0x00000007a7e80000,0x00000007a7e80000,0x00000007a8f80000)
 ParOldGen       total 66560K, used 20435K [0x0000000740000000, 0x0000000744100000, 0x0000000795580000)
  object space 66560K, 30% used [0x0000000740000000,0x00000007413f4fd0,0x0000000744100000)
 Metaspace       used 56517K, capacity 58912K, committed 59008K, reserved 1099776K
  class space    used 7643K, capacity 8059K, committed 8064K, reserved 1048576K
}
Event: 10.271 GC heap before
{Heap before GC invocations=13 (full 3):
 PSYoungGen      total 317440K, used 11766K [0x0000000795580000, 0x00000007aa080000, 0x00000007c0000000)
  eden space 304128K, 0% used [0x0000000795580000,0x0000000795580000,0x00000007a7e80000)
  from space 13312K, 88% used [0x00000007a9380000,0x00000007a9efd940,0x00000007aa080000)
  to   space 17408K, 0% used [0x00000007a7e80000,0x00000007a7e80000,0x00000007a8f80000)
 ParOldGen       total 66560K, used 20435K [0x0000000740000000, 0x0000000744100000, 0x0000000795580000)
  object space 66560K, 30% used [0x0000000740000000,0x00000007413f4fd0,0x0000000744100000)
 Metaspace       used 56517K, capacity 58912K, committed 59008K, reserved 1099776K
  class space    used 7643K, capacity 8059K, committed 8064K, reserved 1048576K
Event: 10.467 GC heap after
Heap after GC invocations=13 (full 3):
 PSYoungGen      total 317440K, used 0K [0x0000000795580000, 0x00000007aa080000, 0x00000007c0000000)
  eden space 304128K, 0% used [0x0000000795580000,0x0000000795580000,0x00000007a7e80000)
  from space 13312K, 0% used [0x00000007a9380000,0x00000007a9380000,0x00000007aa080000)
  to   space 17408K, 0% used [0x00000007a7e80000,0x00000007a7e80000,0x00000007a8f80000)
 ParOldGen       total 89088K, used 23497K [0x0000000740000000, 0x0000000745700000, 0x0000000795580000)
  object space 89088K, 26% used [0x0000000740000000,0x00000007416f2738,0x0000000745700000)
 Metaspace       used 56517K, capacity 58912K, committed 59008K, reserved 1099776K
  class space    used 7643K, capacity 8059K, committed 8064K, reserved 1048576K
}

Deoptimization events (10 events):
Event: 19.671 Thread 0x00007fa8f4776000 Uncommon trap: reason=unhandled action=none pc=0x0000000102f1c5dc method=java.net.URLClassLoader.findClass(Ljava/lang/String;)Ljava/lang/Class; @ 44
Event: 19.672 Thread 0x00007fa8f4776000 Uncommon trap: reason=unhandled action=none pc=0x0000000102f1c5dc method=java.net.URLClassLoader.findClass(Ljava/lang/String;)Ljava/lang/Class; @ 44
Event: 19.672 Thread 0x00007fa8f4776000 Uncommon trap: reason=unhandled action=none pc=0x0000000102f1c5dc method=java.net.URLClassLoader.findClass(Ljava/lang/String;)Ljava/lang/Class; @ 44
Event: 19.673 Thread 0x00007fa8f4776000 Uncommon trap: reason=unhandled action=none pc=0x0000000102f1c5dc method=java.net.URLClassLoader.findClass(Ljava/lang/String;)Ljava/lang/Class; @ 44
Event: 19.674 Thread 0x00007fa8f4776000 Uncommon trap: reason=unhandled action=none pc=0x0000000102f1c5dc method=java.net.URLClassLoader.findClass(Ljava/lang/String;)Ljava/lang/Class; @ 44
Event: 19.675 Thread 0x00007fa8f4776000 Uncommon trap: reason=unhandled action=none pc=0x0000000102f1c5dc method=java.net.URLClassLoader.findClass(Ljava/lang/String;)Ljava/lang/Class; @ 44
Event: 19.675 Thread 0x00007fa8f4776000 Uncommon trap: reason=unhandled action=none pc=0x0000000102f1c5dc method=java.net.URLClassLoader.findClass(Ljava/lang/String;)Ljava/lang/Class; @ 44
Event: 19.681 Thread 0x00007fa8f4776000 Uncommon trap: reason=unhandled action=none pc=0x0000000102f1c5dc method=java.net.URLClassLoader.findClass(Ljava/lang/String;)Ljava/lang/Class; @ 44
Event: 19.684 Thread 0x00007fa8f4776000 Uncommon trap: reason=unhandled action=none pc=0x0000000102f1c5dc method=java.net.URLClassLoader.findClass(Ljava/lang/String;)Ljava/lang/Class; @ 44
Event: 19.685 Thread 0x00007fa8f4776000 Uncommon trap: reason=unhandled action=none pc=0x0000000102f1c5dc method=java.net.URLClassLoader.findClass(Ljava/lang/String;)Ljava/lang/Class; @ 44

Internal exceptions (10 events):
Event: 10.656 Thread 0x00007fa8f3809000 Exception <a 'java/lang/ArrayIndexOutOfBoundsException': 47> (0x00000007960dfd20) thrown at [/Users/java_re/workspace/8-2-build-macosx-x86_64/jdk8u45/3457/hotspot/src/share/vm/interpreter/interpreterRuntime.cpp, line 366]
Event: 10.656 Thread 0x00007fa8f3809000 Exception <a 'java/lang/ArrayIndexOutOfBoundsException': 63> (0x00000007960e1800) thrown at [/Users/java_re/workspace/8-2-build-macosx-x86_64/jdk8u45/3457/hotspot/src/share/vm/interpreter/interpreterRuntime.cpp, line 366]
Event: 10.657 Thread 0x00007fa8f3809000 Exception <a 'java/lang/ArrayIndexOutOfBoundsException': 97> (0x00000007960ebc48) thrown at [/Users/java_re/workspace/8-2-build-macosx-x86_64/jdk8u45/3457/hotspot/src/share/vm/interpreter/interpreterRuntime.cpp, line 366]
Event: 10.657 Thread 0x00007fa8f3809000 Exception <a 'java/lang/ArrayIndexOutOfBoundsException': 40> (0x00000007960ede58) thrown at [/Users/java_re/workspace/8-2-build-macosx-x86_64/jdk8u45/3457/hotspot/src/share/vm/interpreter/interpreterRuntime.cpp, line 366]
Event: 10.657 Thread 0x00007fa8f3809000 Exception <a 'java/lang/ArrayIndexOutOfBoundsException': 47> (0x00000007960ef398) thrown at [/Users/java_re/workspace/8-2-build-macosx-x86_64/jdk8u45/3457/hotspot/src/share/vm/interpreter/interpreterRuntime.cpp, line 366]
Event: 10.657 Thread 0x00007fa8f3809000 Exception <a 'java/lang/ArrayIndexOutOfBoundsException': 63> (0x00000007960f0dc0) thrown at [/Users/java_re/workspace/8-2-build-macosx-x86_64/jdk8u45/3457/hotspot/src/share/vm/interpreter/interpreterRuntime.cpp, line 366]
Event: 10.682 Thread 0x00007fa8f3809000 Exception <a 'java/lang/ArrayIndexOutOfBoundsException': 88> (0x000000079621eca0) thrown at [/Users/java_re/workspace/8-2-build-macosx-x86_64/jdk8u45/3457/hotspot/src/share/vm/interpreter/interpreterRuntime.cpp, line 366]
Event: 10.688 Thread 0x00007fa8f3809000 Exception <a 'java/lang/ArrayIndexOutOfBoundsException': 137> (0x0000000796256a40) thrown at [/Users/java_re/workspace/8-2-build-macosx-x86_64/jdk8u45/3457/hotspot/src/share/vm/interpreter/interpreterRuntime.cpp, line 366]
Event: 10.842 Thread 0x00007fa8f3809000 Exception <a 'java/lang/ArrayIndexOutOfBoundsException': 123> (0x00000007969c7510) thrown at [/Users/java_re/workspace/8-2-build-macosx-x86_64/jdk8u45/3457/hotspot/src/share/vm/interpreter/interpreterRuntime.cpp, line 366]
Event: 10.945 Thread 0x00007fa8f3809000 Exception <a 'java/lang/ArrayIndexOutOfBoundsException': 159> (0x000000079702b158) thrown at [/Users/java_re/workspace/8-2-build-macosx-x86_64/jdk8u45/3457/hotspot/src/share/vm/interpreter/interpreterRuntime.cpp, line 366]

Events (10 events):
Event: 42.117 Thread 0x00007fa8f482d800 flushing nmethod 0x000000010292f110
Event: 42.118 Thread 0x00007fa8f482d800 flushing nmethod 0x00000001029bb450
Event: 42.185 Thread 0x00007fa8f482d800 flushing nmethod 0x0000000102aa1ed0
Event: 42.185 Thread 0x00007fa8f482d800 flushing nmethod 0x0000000102ac4250
Event: 42.185 Thread 0x00007fa8f482d800 flushing nmethod 0x0000000102b21f50
Event: 45.000 Thread 0x00007fa8f482d800 flushing nmethod 0x0000000102b8c390
Event: 45.000 Thread 0x00007fa8f482d800 flushing nmethod 0x0000000102b9bc10
Event: 49.119 Thread 0x00007fa8f482d800 flushing nmethod 0x0000000102d1b550
Event: 51.208 Executing VM operation: RedefineClasses
Event: 51.256 Executing VM operation: RedefineClasses done


Dynamic libraries:
0x0000000001a8a000 	/System/Library/Frameworks/Cocoa.framework/Versions/A/Cocoa
0x0000000001a8a000 	/System/Library/Frameworks/Security.framework/Versions/A/Security
0x0000000001a8a000 	/System/Library/Frameworks/ApplicationServices.framework/Versions/A/ApplicationServices
0x0000000001a8a000 	/usr/lib/libz.1.dylib
0x0000000001a8a000 	/usr/lib/libSystem.B.dylib
0x0000000001a8a000 	/usr/lib/libobjc.A.dylib
0x0000000001a8a000 	/System/Library/Frameworks/CoreFoundation.framework/Versions/A/CoreFoundation
0x0000000001a8a000 	/System/Library/Frameworks/Foundation.framework/Versions/C/Foundation
0x0000000001a8a000 	/System/Library/Frameworks/AppKit.framework/Versions/C/AppKit
0x0000000001a8a000 	/System/Library/Frameworks/CoreData.framework/Versions/A/CoreData
0x0000000001a8a000 	/System/Library/PrivateFrameworks/RemoteViewServices.framework/Versions/A/RemoteViewServices
0x0000000001a8a000 	/System/Library/PrivateFrameworks/UIFoundation.framework/Versions/A/UIFoundation
0x0000000001a8a000 	/usr/lib/libScreenReader.dylib
0x0000000001a8a000 	/System/Library/Frameworks/Accelerate.framework/Versions/A/Accelerate
0x0000000001a8a000 	/System/Library/Frameworks/IOSurface.framework/Versions/A/IOSurface
0x0000000001a8a000 	/System/Library/Frameworks/AudioToolbox.framework/Versions/A/AudioToolbox
0x0000000001a8a000 	/System/Library/Frameworks/AudioUnit.framework/Versions/A/AudioUnit
0x0000000001a8a000 	/System/Library/PrivateFrameworks/DataDetectorsCore.framework/Versions/A/DataDetectorsCore
0x0000000001a8a000 	/System/Library/PrivateFrameworks/DesktopServicesPriv.framework/Versions/A/DesktopServicesPriv
0x0000000001a8a000 	/System/Library/Frameworks/Carbon.framework/Versions/A/Frameworks/HIToolbox.framework/Versions/A/HIToolbox
0x0000000001a8a000 	/System/Library/Frameworks/QuartzCore.framework/Versions/A/QuartzCore
0x0000000001a8a000 	/System/Library/Frameworks/Carbon.framework/Versions/A/Frameworks/SpeechRecognition.framework/Versions/A/SpeechRecognition
0x0000000001a8a000 	/usr/lib/libauto.dylib
0x0000000001a8a000 	/usr/lib/libicucore.A.dylib
0x0000000001a8a000 	/usr/lib/libxml2.2.dylib
0x0000000001a8a000 	/System/Library/PrivateFrameworks/CoreUI.framework/Versions/A/CoreUI
0x0000000001a8a000 	/System/Library/Frameworks/CoreAudio.framework/Versions/A/CoreAudio
0x0000000001a8a000 	/System/Library/Frameworks/DiskArbitration.framework/Versions/A/DiskArbitration
0x0000000001a8a000 	/usr/lib/liblangid.dylib
0x0000000001a8a000 	/System/Library/PrivateFrameworks/MultitouchSupport.framework/Versions/A/MultitouchSupport
0x0000000001a8a000 	/System/Library/Frameworks/IOKit.framework/Versions/A/IOKit
0x0000000001a8a000 	/usr/lib/libDiagnosticMessagesClient.dylib
0x0000000001a8a000 	/System/Library/Frameworks/CoreServices.framework/Versions/A/CoreServices
0x0000000001a8a000 	/System/Library/PrivateFrameworks/PerformanceAnalysis.framework/Versions/A/PerformanceAnalysis
0x0000000001a8a000 	/System/Library/PrivateFrameworks/GenerationalStorage.framework/Versions/A/GenerationalStorage
0x0000000001a8a000 	/System/Library/Frameworks/OpenGL.framework/Versions/A/OpenGL
0x0000000001a8a000 	/System/Library/PrivateFrameworks/Sharing.framework/Versions/A/Sharing
0x0000000001a8a000 	/System/Library/Frameworks/CoreGraphics.framework/Versions/A/CoreGraphics
0x0000000001a8a000 	/System/Library/Frameworks/CoreImage.framework/Versions/A/CoreImage
0x0000000001a8a000 	/System/Library/Frameworks/CoreText.framework/Versions/A/CoreText
0x0000000001a8a000 	/System/Library/Frameworks/ImageIO.framework/Versions/A/ImageIO
0x0000000001a8a000 	/System/Library/PrivateFrameworks/Backup.framework/Versions/A/Backup
0x0000000001a8a000 	/usr/lib/libextension.dylib
0x0000000001a8a000 	/usr/lib/libarchive.2.dylib
0x0000000001a8a000 	/System/Library/Frameworks/CFNetwork.framework/Versions/A/CFNetwork
0x0000000001a8a000 	/System/Library/Frameworks/SystemConfiguration.framework/Versions/A/SystemConfiguration
0x0000000001a8a000 	/usr/lib/libCRFSuite.dylib
0x0000000001a8a000 	/usr/lib/libc++.1.dylib
0x0000000001a8a000 	/usr/lib/libc++abi.dylib
0x0000000001a8a000 	/usr/lib/system/libcache.dylib
0x0000000001a8a000 	/usr/lib/system/libcommonCrypto.dylib
0x0000000001a8a000 	/usr/lib/system/libcompiler_rt.dylib
0x0000000001a8a000 	/usr/lib/system/libcopyfile.dylib
0x0000000001a8a000 	/usr/lib/system/libcorecrypto.dylib
0x0000000001a8a000 	/usr/lib/system/libdispatch.dylib
0x0000000001a8a000 	/usr/lib/system/libdyld.dylib
0x0000000001a8a000 	/usr/lib/system/libkeymgr.dylib
0x0000000001a8a000 	/usr/lib/system/liblaunch.dylib
0x0000000001a8a000 	/usr/lib/system/libmacho.dylib
0x0000000001a8a000 	/usr/lib/system/libquarantine.dylib
0x0000000001a8a000 	/usr/lib/system/libremovefile.dylib
0x0000000001a8a000 	/usr/lib/system/libsystem_asl.dylib
0x0000000001a8a000 	/usr/lib/system/libsystem_blocks.dylib
0x0000000001a8a000 	/usr/lib/system/libsystem_c.dylib
0x0000000001a8a000 	/usr/lib/system/libsystem_configuration.dylib
0x0000000001a8a000 	/usr/lib/system/libsystem_coreservices.dylib
0x0000000001a8a000 	/usr/lib/system/libsystem_coretls.dylib
0x0000000001a8a000 	/usr/lib/system/libsystem_dnssd.dylib
0x0000000001a8a000 	/usr/lib/system/libsystem_info.dylib
0x0000000001a8a000 	/usr/lib/system/libsystem_kernel.dylib
0x0000000001a8a000 	/usr/lib/system/libsystem_m.dylib
0x0000000001a8a000 	/usr/lib/system/libsystem_malloc.dylib
0x0000000001a8a000 	/usr/lib/system/libsystem_network.dylib
0x0000000001a8a000 	/usr/lib/system/libsystem_networkextension.dylib
0x0000000001a8a000 	/usr/lib/system/libsystem_notify.dylib
0x0000000001a8a000 	/usr/lib/system/libsystem_platform.dylib
0x0000000001a8a000 	/usr/lib/system/libsystem_pthread.dylib
0x0000000001a8a000 	/usr/lib/system/libsystem_sandbox.dylib
0x0000000001a8a000 	/usr/lib/system/libsystem_secinit.dylib
0x0000000001a8a000 	/usr/lib/system/libsystem_trace.dylib
0x0000000001a8a000 	/usr/lib/system/libunc.dylib
0x0000000001a8a000 	/usr/lib/system/libunwind.dylib
0x0000000001a8a000 	/usr/lib/system/libxpc.dylib
0x0000000001a8a000 	/usr/lib/libenergytrace.dylib
0x0000000001a8a000 	/usr/lib/libbsm.0.dylib
0x0000000001a8a000 	/usr/lib/system/libkxld.dylib
0x0000000001a8a000 	/usr/lib/libxar.1.dylib
0x0000000001a8a000 	/usr/lib/libsqlite3.dylib
0x0000000001a8a000 	/usr/lib/libpam.2.dylib
0x0000000001a8a000 	/usr/lib/libOpenScriptingUtil.dylib
0x0000000001a8a000 	/usr/lib/libbz2.1.0.dylib
0x0000000001a8a000 	/usr/lib/liblzma.5.dylib
0x0000000001a8a000 	/System/Library/Frameworks/CoreServices.framework/Versions/A/Frameworks/FSEvents.framework/Versions/A/FSEvents
0x0000000001a8a000 	/System/Library/Frameworks/CoreServices.framework/Versions/A/Frameworks/CarbonCore.framework/Versions/A/CarbonCore
0x0000000001a8a000 	/System/Library/Frameworks/CoreServices.framework/Versions/A/Frameworks/Metadata.framework/Versions/A/Metadata
0x0000000001a8a000 	/System/Library/Frameworks/CoreServices.framework/Versions/A/Frameworks/OSServices.framework/Versions/A/OSServices
0x0000000001a8a000 	/System/Library/Frameworks/CoreServices.framework/Versions/A/Frameworks/SearchKit.framework/Versions/A/SearchKit
0x0000000001a8a000 	/System/Library/Frameworks/CoreServices.framework/Versions/A/Frameworks/AE.framework/Versions/A/AE
0x0000000001a8a000 	/System/Library/Frameworks/CoreServices.framework/Versions/A/Frameworks/LaunchServices.framework/Versions/A/LaunchServices
0x0000000001a8a000 	/System/Library/Frameworks/CoreServices.framework/Versions/A/Frameworks/DictionaryServices.framework/Versions/A/DictionaryServices
0x0000000001a8a000 	/System/Library/Frameworks/CoreServices.framework/Versions/A/Frameworks/SharedFileList.framework/Versions/A/SharedFileList
0x0000000001a8a000 	/System/Library/Frameworks/NetFS.framework/Versions/A/NetFS
0x0000000001a8a000 	/System/Library/PrivateFrameworks/NetAuth.framework/Versions/A/NetAuth
0x0000000001a8a000 	/System/Library/PrivateFrameworks/login.framework/Versions/A/Frameworks/loginsupport.framework/Versions/A/loginsupport
0x0000000001a8a000 	/System/Library/PrivateFrameworks/TCC.framework/Versions/A/TCC
0x0000000001a8a000 	/usr/lib/libmecabra.dylib
0x0000000001a8a000 	/System/Library/Frameworks/ApplicationServices.framework/Versions/A/Frameworks/ATS.framework/Versions/A/ATS
0x0000000001a8a000 	/System/Library/Frameworks/ApplicationServices.framework/Versions/A/Frameworks/ColorSync.framework/Versions/A/ColorSync
0x0000000001a8a000 	/System/Library/Frameworks/ApplicationServices.framework/Versions/A/Frameworks/HIServices.framework/Versions/A/HIServices
0x0000000001a8a000 	/System/Library/Frameworks/ApplicationServices.framework/Versions/A/Frameworks/LangAnalysis.framework/Versions/A/LangAnalysis
0x0000000001a8a000 	/System/Library/Frameworks/ApplicationServices.framework/Versions/A/Frameworks/PrintCore.framework/Versions/A/PrintCore
0x0000000001a8a000 	/System/Library/Frameworks/ApplicationServices.framework/Versions/A/Frameworks/QD.framework/Versions/A/QD
0x0000000001a8a000 	/System/Library/Frameworks/ApplicationServices.framework/Versions/A/Frameworks/SpeechSynthesis.framework/Versions/A/SpeechSynthesis
0x0000000001a8a000 	/System/Library/Frameworks/Metal.framework/Versions/A/Metal
0x0000000001a8a000 	/System/Library/Frameworks/Accelerate.framework/Versions/A/Frameworks/vImage.framework/Versions/A/vImage
0x0000000001a8a000 	/System/Library/Frameworks/Accelerate.framework/Versions/A/Frameworks/vecLib.framework/Versions/A/vecLib
0x0000000001a8a000 	/System/Library/Frameworks/Accelerate.framework/Versions/A/Frameworks/vecLib.framework/Versions/A/libvDSP.dylib
0x0000000001a8a000 	/System/Library/Frameworks/Accelerate.framework/Versions/A/Frameworks/vecLib.framework/Versions/A/libvMisc.dylib
0x0000000001a8a000 	/System/Library/Frameworks/Accelerate.framework/Versions/A/Frameworks/vecLib.framework/Versions/A/libLAPACK.dylib
0x0000000001a8a000 	/System/Library/Frameworks/Accelerate.framework/Versions/A/Frameworks/vecLib.framework/Versions/A/libBLAS.dylib
0x0000000001a8a000 	/System/Library/Frameworks/Accelerate.framework/Versions/A/Frameworks/vecLib.framework/Versions/A/libLinearAlgebra.dylib
0x0000000001a8a000 	/System/Library/Frameworks/Accelerate.framework/Versions/A/Frameworks/vecLib.framework/Versions/A/libSparseBLAS.dylib
0x0000000001a8a000 	/System/Library/PrivateFrameworks/GPUCompiler.framework/libmetal_timestamp.dylib
0x0000000001a8a000 	/System/Library/Frameworks/OpenGL.framework/Versions/A/Libraries/libCoreFSCache.dylib
0x0000000001a8a000 	/System/Library/PrivateFrameworks/IOAccelerator.framework/Versions/A/IOAccelerator
0x0000000001a8a000 	/System/Library/Frameworks/ApplicationServices.framework/Versions/A/Frameworks/ATS.framework/Versions/A/Resources/libFontParser.dylib
0x0000000001a8a000 	/System/Library/Frameworks/ApplicationServices.framework/Versions/A/Frameworks/ATS.framework/Versions/A/Resources/libFontRegistry.dylib
0x0000000001a8a000 	/System/Library/PrivateFrameworks/AppleVPA.framework/Versions/A/AppleVPA
0x0000000001a8a000 	/System/Library/PrivateFrameworks/AppleJPEG.framework/Versions/A/AppleJPEG
0x0000000001a8a000 	/System/Library/Frameworks/ImageIO.framework/Versions/A/Resources/libJPEG.dylib
0x0000000001a8a000 	/System/Library/Frameworks/ImageIO.framework/Versions/A/Resources/libTIFF.dylib
0x0000000001a8a000 	/System/Library/Frameworks/ImageIO.framework/Versions/A/Resources/libPng.dylib
0x0000000001a8a000 	/System/Library/Frameworks/ImageIO.framework/Versions/A/Resources/libGIF.dylib
0x0000000001a8a000 	/System/Library/Frameworks/ImageIO.framework/Versions/A/Resources/libJP2.dylib
0x0000000001a8a000 	/System/Library/Frameworks/ImageIO.framework/Versions/A/Resources/libRadiance.dylib
0x0000000001a8a000 	/System/Library/Frameworks/CoreVideo.framework/Versions/A/CoreVideo
0x0000000001a8a000 	/System/Library/Frameworks/OpenGL.framework/Versions/A/Libraries/libGLU.dylib
0x0000000001a8a000 	/System/Library/Frameworks/OpenGL.framework/Versions/A/Libraries/libGFXShared.dylib
0x0000000001a8a000 	/System/Library/Frameworks/OpenGL.framework/Versions/A/Libraries/libGL.dylib
0x0000000001a8a000 	/System/Library/Frameworks/OpenGL.framework/Versions/A/Libraries/libGLImage.dylib
0x0000000001a8a000 	/System/Library/Frameworks/OpenGL.framework/Versions/A/Libraries/libCVMSPluginSupport.dylib
0x0000000001a8a000 	/System/Library/Frameworks/OpenGL.framework/Versions/A/Libraries/libCoreVMClient.dylib
0x0000000001a8a000 	/usr/lib/libcompression.dylib
0x0000000001a8a000 	/usr/lib/libcups.2.dylib
0x0000000001a8a000 	/System/Library/Frameworks/Kerberos.framework/Versions/A/Kerberos
0x0000000001a8a000 	/System/Library/Frameworks/GSS.framework/Versions/A/GSS
0x0000000001a8a000 	/usr/lib/libresolv.9.dylib
0x0000000001a8a000 	/usr/lib/libiconv.2.dylib
0x0000000001a8a000 	/System/Library/PrivateFrameworks/Heimdal.framework/Versions/A/Heimdal
0x0000000001a8a000 	/usr/lib/libheimdal-asn1.dylib
0x0000000001a8a000 	/System/Library/Frameworks/OpenDirectory.framework/Versions/A/OpenDirectory
0x0000000001a8a000 	/System/Library/PrivateFrameworks/CommonAuth.framework/Versions/A/CommonAuth
0x0000000001a8a000 	/System/Library/Frameworks/OpenDirectory.framework/Versions/A/Frameworks/CFOpenDirectory.framework/Versions/A/CFOpenDirectory
0x0000000001a8a000 	/System/Library/Frameworks/SecurityFoundation.framework/Versions/A/SecurityFoundation
0x0000000001a8a000 	/System/Library/PrivateFrameworks/LanguageModeling.framework/Versions/A/LanguageModeling
0x0000000001a8a000 	/usr/lib/libmarisa.dylib
0x0000000001a8a000 	/usr/lib/libChineseTokenizer.dylib
0x0000000001a8a000 	/usr/lib/libcmph.dylib
0x0000000001a8a000 	/System/Library/Frameworks/ServiceManagement.framework/Versions/A/ServiceManagement
0x0000000001a8a000 	/usr/lib/libxslt.1.dylib
0x0000000001a8a000 	/System/Library/Frameworks/Carbon.framework/Versions/A/Frameworks/Ink.framework/Versions/A/Ink
0x0000000001a8a000 	/usr/lib/libFosl_dynamic.dylib
0x0000000001a8a000 	/System/Library/PrivateFrameworks/FaceCore.framework/Versions/A/FaceCore
0x0000000001a8a000 	/System/Library/Frameworks/OpenCL.framework/Versions/A/OpenCL
0x0000000001a8a000 	/System/Library/PrivateFrameworks/CrashReporterSupport.framework/Versions/A/CrashReporterSupport
0x0000000001a8a000 	/System/Library/PrivateFrameworks/IconServices.framework/Versions/A/IconServices
0x0000000001a8a000 	/System/Library/PrivateFrameworks/Apple80211.framework/Versions/A/Apple80211
0x0000000001a8a000 	/System/Library/Frameworks/CoreWLAN.framework/Versions/A/CoreWLAN
0x0000000001a8a000 	/System/Library/Frameworks/IOBluetooth.framework/Versions/A/IOBluetooth
0x0000000001a8a000 	/System/Library/PrivateFrameworks/CoreWiFi.framework/Versions/A/CoreWiFi
0x0000000001a8a000 	/System/Library/Frameworks/CoreBluetooth.framework/Versions/A/CoreBluetooth
0x0000000001a8a000 	/System/Library/PrivateFrameworks/ChunkingLibrary.framework/Versions/A/ChunkingLibrary
0x0000000001a8a000 	/System/Library/PrivateFrameworks/DebugSymbols.framework/Versions/A/DebugSymbols
0x0000000001a8a000 	/System/Library/PrivateFrameworks/CoreSymbolication.framework/Versions/A/CoreSymbolication
0x0000000001a8a000 	/System/Library/PrivateFrameworks/Symbolication.framework/Versions/A/Symbolication
0x0000000001a8a000 	/System/Library/PrivateFrameworks/SpeechRecognitionCore.framework/Versions/A/SpeechRecognitionCore
0x0000000101800000 	/Library/Java/JavaVirtualMachines/jdk1.8.0_45.jdk/Contents/Home/jre/lib/server/libjvm.dylib
0x0000000001a8a000 	/usr/lib/libstdc++.6.dylib
0x0000000100e0c000 	/Library/Java/JavaVirtualMachines/jdk1.8.0_45.jdk/Contents/Home/jre/lib/libverify.dylib
0x0000000100e1a000 	/Library/Java/JavaVirtualMachines/jdk1.8.0_45.jdk/Contents/Home/jre/lib/libjava.dylib
0x0000000100e50000 	/Library/Java/JavaVirtualMachines/jdk1.8.0_45.jdk/Contents/Home/jre/lib/libjdwp.dylib
0x0000000100e9b000 	/Library/Java/JavaVirtualMachines/jdk1.8.0_45.jdk/Contents/Home/jre/lib/libnpt.dylib
0x0000000100ea8000 	/Library/Java/JavaVirtualMachines/jdk1.8.0_45.jdk/Contents/Home/jre/lib/libzip.dylib
0x0000000117f8a000 	/System/Library/Frameworks/JavaVM.framework/Frameworks/JavaRuntimeSupport.framework/JavaRuntimeSupport
0x0000000117fa5000 	/System/Library/Frameworks/JavaVM.framework/Versions/A/Frameworks/JavaNativeFoundation.framework/Versions/A/JavaNativeFoundation
0x0000000100ff3000 	/System/Library/Frameworks/JavaVM.framework/Versions/A/JavaVM
0x0000000001a8a000 	/System/Library/Frameworks/Carbon.framework/Versions/A/Carbon
0x0000000117fba000 	/System/Library/PrivateFrameworks/JavaLaunching.framework/Versions/A/JavaLaunching
0x0000000001a8a000 	/System/Library/Frameworks/Carbon.framework/Versions/A/Frameworks/CommonPanels.framework/Versions/A/CommonPanels
0x0000000001a8a000 	/System/Library/Frameworks/Carbon.framework/Versions/A/Frameworks/Help.framework/Versions/A/Help
0x0000000001a8a000 	/System/Library/Frameworks/Carbon.framework/Versions/A/Frameworks/ImageCapture.framework/Versions/A/ImageCapture
0x0000000001a8a000 	/System/Library/Frameworks/Carbon.framework/Versions/A/Frameworks/OpenScripting.framework/Versions/A/OpenScripting
0x0000000001a8a000 	/System/Library/Frameworks/Carbon.framework/Versions/A/Frameworks/Print.framework/Versions/A/Print
0x0000000001a8a000 	/System/Library/Frameworks/Carbon.framework/Versions/A/Frameworks/SecurityHI.framework/Versions/A/SecurityHI
0x0000000117fc8000 	/Library/Java/JavaVirtualMachines/jdk1.8.0_45.jdk/Contents/Home/jre/lib/libdt_socket.dylib
0x0000000119ce5000 	/Library/Java/JavaVirtualMachines/jdk1.8.0_45.jdk/Contents/Home/jre/lib/libmanagement.dylib
0x0000000119cf2000 	/Library/Java/JavaVirtualMachines/jdk1.8.0_45.jdk/Contents/Home/jre/lib/libnet.dylib
0x0000000119cc1000 	/Library/Java/JavaVirtualMachines/jdk1.8.0_45.jdk/Contents/Home/jre/lib/libnio.dylib
0x0000000119dc1000 	/Library/Java/JavaVirtualMachines/jdk1.8.0_45.jdk/Contents/Home/jre/lib/libinstrument.dylib

VM Arguments:
jvm_args: -agentlib:jdwp=transport=dt_socket,suspend=y,address=localhost:50363 -Dfile.encoding=UTF-8 
java_command: com.janaldous.sponsorship.SponorshipApplication
java_class_path (initial): /Users/janaldoustorres/Documents/Code/Java/stuff2019/sponorship/target/classes:/Users/janaldoustorres/.m2/repository/org/springframework/boot/spring-boot-starter-web/2.1.9.RELEASE/spring-boot-starter-web-2.1.9.RELEASE.jar:/Users/janaldoustorres/.m2/repository/org/springframework/boot/spring-boot-starter/2.1.9.RELEASE/spring-boot-starter-2.1.9.RELEASE.jar:/Users/janaldoustorres/.m2/repository/org/springframework/boot/spring-boot/2.1.9.RELEASE/spring-boot-2.1.9.RELEASE.jar:/Users/janaldoustorres/.m2/repository/org/springframework/boot/spring-boot-autoconfigure/2.1.9.RELEASE/spring-boot-autoconfigure-2.1.9.RELEASE.jar:/Users/janaldoustorres/.m2/repository/org/springframework/boot/spring-boot-starter-logging/2.1.9.RELEASE/spring-boot-starter-logging-2.1.9.RELEASE.jar:/Users/janaldoustorres/.m2/repository/ch/qos/logback/logback-classic/1.2.3/logback-classic-1.2.3.jar:/Users/janaldoustorres/.m2/repository/ch/qos/logback/logback-core/1.2.3/logback-core-1.2.3.jar:/Users/janaldoustorres/.m2/repository/org/apache/logging/log4j/log4j-to-slf4j/2.11.2/log4j-to-slf4j-2.11.2.jar:/Users/janaldoustorres/.m2/repository/org/apache/logging/log4j/log4j-api/2.11.2/log4j-api-2.11.2.jar:/Users/janaldoustorres/.m2/repository/org/slf4j/jul-to-slf4j/1.7.28/jul-to-slf4j-1.7.28.jar:/Users/janaldoustorres/.m2/repository/javax/annotation/javax.annotation-api/1.3.2/javax.annotation-api-1.3.2.jar:/Users/janaldoustorres/.m2/repository/org/yaml/snakeyaml/1.23/snakeyaml-1.23.jar:/Users/janaldoustorres/.m2/repository/org/springframework/boot/spring-boot-starter-json/2.1.9.RELEASE/spring-boot-starter-json-2.1.9.RELEASE.jar:/Users/janaldoustorres/.m2/repository/com/fasterxml/jackson/datatype/jackson-datatype-jdk8/2.9.9/jackson-datatype-jdk8-2.9.9.jar:/Users/janaldoustorres/.m2/repository/com/fasterxml/jackson/datatype/jackson-datatype-jsr310/2.9.9/jackson-datatype-jsr310-2.9.9.jar:/Users/janaldoustorres/.m2/repository/com/fasterxml/jackson/module/jackson-module-parameter-name
Launcher Type: SUN_STANDARD

Environment Variables:
PATH=/usr/bin:/bin:/usr/sbin:/sbin
SHELL=/bin/bash
DISPLAY=/private/tmp/com.apple.launchd.j5r8B7GSxp/org.macosforge.xquartz:0

Signal Handlers:
SIGSEGV: [libjvm.dylib+0x58ef95], sa_mask[0]=11111111011111110111111111111111, sa_flags=SA_ONSTACK|SA_RESTART|SA_SIGINFO
SIGBUS: [libjvm.dylib+0x58ef95], sa_mask[0]=11111111011111110111111111111111, sa_flags=SA_RESTART|SA_SIGINFO
SIGFPE: [libjvm.dylib+0x46c108], sa_mask[0]=11111111011111110111111111111111, sa_flags=SA_RESTART|SA_SIGINFO
SIGPIPE: [libjvm.dylib+0x46c108], sa_mask[0]=11111111011111110111111111111111, sa_flags=SA_RESTART|SA_SIGINFO
SIGXFSZ: [libjvm.dylib+0x46c108], sa_mask[0]=11111111011111110111111111111111, sa_flags=SA_RESTART|SA_SIGINFO
SIGILL: [libjvm.dylib+0x46c108], sa_mask[0]=11111111011111110111111111111111, sa_flags=SA_RESTART|SA_SIGINFO
SIGUSR1: SIG_DFL, sa_mask[0]=00000000000000000000000000000000, sa_flags=none
SIGUSR2: [libjvm.dylib+0x46bc26], sa_mask[0]=00100000000000000000000000000000, sa_flags=SA_RESTART|SA_SIGINFO
SIGHUP: [libjvm.dylib+0x46a1f9], sa_mask[0]=11111111011111110111111111111111, sa_flags=SA_RESTART|SA_SIGINFO
SIGINT: [libjvm.dylib+0x46a1f9], sa_mask[0]=11111111011111110111111111111111, sa_flags=SA_RESTART|SA_SIGINFO
SIGTERM: [libjvm.dylib+0x46a1f9], sa_mask[0]=11111111011111110111111111111111, sa_flags=SA_RESTART|SA_SIGINFO
SIGQUIT: [libjvm.dylib+0x46a1f9], sa_mask[0]=11111111011111110111111111111111, sa_flags=SA_RESTART|SA_SIGINFO


---------------  S Y S T E M  ---------------

OS:Bsduname:Darwin 15.6.0 Darwin Kernel Version 15.6.0: Thu Jun 21 20:07:40 PDT 2018; root:xnu-3248.73.11~1/RELEASE_X86_64 x86_64
rlimit: STACK 8192k, CORE 0k, NPROC 709, NOFILE 10240, AS infinity
load average:3.17 3.62 4.06

CPU:total 4 (2 cores per cpu, 2 threads per core) family 6 model 69 stepping 1, cmov, cx8, fxsr, mmx, sse, sse2, sse3, ssse3, sse4.1, sse4.2, popcnt, avx, avx2, aes, clmul, erms, lzcnt, ht, tsc, tscinvbit, bmi1, bmi2

Memory: 4k page, physical 8388608k(247848k free)

/proc/meminfo:


vm_info: Java HotSpot(TM) 64-Bit Server VM (25.45-b02) for bsd-amd64 JRE (1.8.0_45-b14), built on Apr 10 2015 10:46:38 by "java_re" with gcc 4.2.1 (Based on Apple Inc. build 5658) (LLVM build 2336.11.00)

time: Mon Oct 28 02:14:09 2019
elapsed time: 51 seconds (0d 0h 0m 51s)

